[08:54:44] This is prokka 1.14.6
[08:54:44] Written by Torsten Seemann <torsten.seemann@gmail.com>
[08:54:44] Homepage is https://github.com/tseemann/prokka
[08:54:44] Local time is Mon Aug 24 08:54:44 2020
[08:54:44] You are alopatki
[08:54:44] Operating system is darwin
[08:54:44] You have BioPerl 1.007002
[08:54:45] System has 8 cores.
[08:54:45] Will use maximum of 8 cores.
[08:54:45] Annotating as >>> Bacteria <<<
[08:54:45] Generating locus_tag from '/Users/alopatki/Documents/MATLAB/sucA_test/ecoli_fastas/CP020116.1.fasta' contents.
[08:54:45] Setting --locustag OPDANJCC from MD5 89da73cc2220b673fb93df03629a0f14
[08:54:45] Re-using existing --outdir /Users/alopatki/Documents/MATLAB/sucA_test/ecoli_fastas//prokka
[08:54:45] Using filename prefix: prokka_CP020116.1.XXX
[08:54:45] Setting HMMER_NCPU=1
[08:54:45] Writing log to: /Users/alopatki/Documents/MATLAB/sucA_test/ecoli_fastas//prokka/prokka_CP020116.1.log
[08:54:45] Command: /Users/alopatki/anaconda3/envs/prokka_env/bin/prokka --kingdom Bacteria --outdir /Users/alopatki/Documents/MATLAB/sucA_test/ecoli_fastas//prokka --prefix prokka_CP020116.1 --force --genus Escherichia /Users/alopatki/Documents/MATLAB/sucA_test/ecoli_fastas/CP020116.1.fasta
[08:54:45] Appending to PATH: /Users/alopatki/anaconda3/envs/prokka_env/bin
[08:54:45] Looking for 'aragorn' - found /Users/alopatki/anaconda3/envs/prokka_env/bin/aragorn
[08:54:45] Determined aragorn version is 001002 from 'ARAGORN v1.2.38 Dean Laslett'
[08:54:45] Looking for 'barrnap' - found /Users/alopatki/anaconda3/envs/prokka_env/bin/barrnap
[08:54:45] Determined barrnap version is 000009 from 'barrnap 0.9'
[08:54:45] Looking for 'blastp' - found /Users/alopatki/anaconda3/envs/prokka_env/bin/blastp
[08:54:45] Determined blastp version is 002010 from 'blastp: 2.10.1+'
[08:54:45] Looking for 'cmpress' - found /Users/alopatki/anaconda3/envs/prokka_env/bin/cmpress
[08:54:45] Determined cmpress version is 001001 from '# INFERNAL 1.1.2 (July 2016)'
[08:54:45] Looking for 'cmscan' - found /Users/alopatki/anaconda3/envs/prokka_env/bin/cmscan
[08:54:45] Determined cmscan version is 001001 from '# INFERNAL 1.1.2 (July 2016)'
[08:54:45] Looking for 'egrep' - found /usr/bin/egrep
[08:54:45] Looking for 'find' - found /usr/bin/find
[08:54:45] Looking for 'grep' - found /usr/bin/grep
[08:54:45] Looking for 'hmmpress' - found /Users/alopatki/anaconda3/envs/prokka_env/bin/hmmpress
[08:54:45] Determined hmmpress version is 003003 from '# HMMER 3.3 (Nov 2019); http://hmmer.org/'
[08:54:45] Looking for 'hmmscan' - found /Users/alopatki/anaconda3/envs/prokka_env/bin/hmmscan
[08:54:45] Determined hmmscan version is 003003 from '# HMMER 3.3 (Nov 2019); http://hmmer.org/'
[08:54:45] Looking for 'java' - found /Users/alopatki/anaconda3/envs/prokka_env/bin/java
[08:54:45] Looking for 'makeblastdb' - found /Users/alopatki/anaconda3/envs/prokka_env/bin/makeblastdb
[08:54:45] Determined makeblastdb version is 002010 from 'makeblastdb: 2.10.1+'
[08:54:45] Looking for 'minced' - found /Users/alopatki/anaconda3/envs/prokka_env/bin/minced
[08:54:45] Determined minced version is 004002 from 'minced 0.4.2'
[08:54:45] Looking for 'parallel' - found /Users/alopatki/anaconda3/envs/prokka_env/bin/parallel
[08:54:45] Determined parallel version is 20200722 from 'GNU parallel 20200722'
[08:54:45] Looking for 'prodigal' - found /Users/alopatki/anaconda3/envs/prokka_env/bin/prodigal
[08:54:45] Determined prodigal version is 002006 from 'Prodigal V2.6.3: February, 2016'
[08:54:45] Looking for 'prokka-genbank_to_fasta_db' - found /Users/alopatki/anaconda3/envs/prokka_env/bin/prokka-genbank_to_fasta_db
[08:54:45] Looking for 'sed' - found /usr/bin/sed
[08:54:45] Looking for 'tbl2asn' - found /Users/alopatki/anaconda3/envs/prokka_env/bin/tbl2asn
[08:54:45] Determined tbl2asn version is 025007 from 'tbl2asn 25.7   arguments:'
[08:54:45] Using genetic code table 11.
[08:54:45] Loading and checking input file: /Users/alopatki/Documents/MATLAB/sucA_test/ecoli_fastas/CP020116.1.fasta
[08:54:46] Wrote 1 contigs totalling 4992088 bp.
[08:54:46] Predicting tRNAs and tmRNAs
[08:54:46] Running: aragorn -l -gc11  -w \/Users\/alopatki\/Documents\/MATLAB\/sucA_test\/ecoli_fastas\/\/prokka\/prokka_CP020116\.1\.fna
[08:54:47] 1 tRNA-Ile [154603,154679] 35 (gat)
[08:54:47] 2 tRNA-Ala [154722,154797] 34 (tgc)
[08:54:47] 3 tRNA-Thr [158116,158191] 34 (ggt)
[08:54:47] 4 tRNA-Leu [257575,257661] 35 (gag)
[08:54:47] 5 tRNA-Met [261442,261518] 35 (cat)
[08:54:47] 6 tRNA-Met c[359939,360014] 34 (cat)
[08:54:47] 7 tRNA-Phe c[588941,589016] 34 (gaa)
[08:54:47] 8 tRNA-Gly [702980,703053] 33 (ccc)
[08:54:47] 9 tRNA-Met c[790148,790224] 35 (cat)
[08:54:47] 10 tRNA-Met c[790258,790334] 35 (cat)
[08:54:47] 11 tRNA-Met c[790368,790444] 35 (cat)
[08:54:47] 12 tRNA-Ser [915208,915300] 35 (gct)
[08:54:47] 13 tRNA-Arg [915304,915380] 35 (acg)
[08:54:47] 14 tRNA-Arg [915445,915521] 35 (acg)
[08:54:47] 15 tRNA-Arg [915584,915660] 35 (acg)
[08:54:47] 16 tRNA-Arg [915724,915800] 35 (acg)
[08:54:47] 17 tmRNA c[947349,947711] 90,125 ANDENYALAA**
[08:54:47] 18 tRNA-Glu [973659,973734] 35 (ttc)
[08:54:47] 19 tRNA-Lys c[1163297,1163372] 34 (ttt)
[08:54:47] 20 tRNA-Val c[1163377,1163452] 34 (tac)
[08:54:47] 21 tRNA-Val c[1163499,1163574] 34 (tac)
[08:54:47] 22 tRNA-Val c[1163619,1163694] 34 (tac)
[08:54:47] 23 tRNA-Ala [1166393,1166468] 34 (ggc)
[08:54:47] 24 tRNA-Ala [1166508,1166583] 34 (ggc)
[08:54:47] 25 tRNA-Arg c[1217680,1217754] 34 (cct)
[08:54:47] 26 tRNA-Pro c[1387578,1387654] 35 (ggg)
[08:54:47] 27 tRNA-Asn c[1648855,1648930] 34 (gtt)
[08:54:47] 28 tRNA-Asn c[1651264,1651339] 34 (gtt)
[08:54:47] 29 tRNA-Asn [1653088,1653163] 34 (gtt)
[08:54:47] 30 tRNA-Asn c[1692980,1693055] 34 (gtt)
[08:54:47] 31 tRNA-Ser [1694047,1694136] 35 (cga)
[08:54:47] 32 tRNA-Gly [1734793,1734868] 34 (gcc)
[08:54:47] 33 tRNA-Cys [1734922,1734995] 33 (gca)
[08:54:47] 34 tRNA-Leu [1735008,1735094] 35 (taa)
[08:54:47] 35 tRNA-Val c[2012990,2013066] 35 (gac)
[08:54:47] 36 tRNA-Val c[2013071,2013147] 35 (gac)
[08:54:47] 37 tRNA-Arg c[2368943,2369019] 35 (tct)
[08:54:47] 38 tRNA-Met c[2369120,2369195] 34 (cat)
[08:54:47] 39 tRNA-Tyr [2410941,2411025] 35 (gta)
[08:54:47] 40 tRNA-Ser [2666921,2667008] 35 (gga)
[08:54:47] 41 tRNA-Ser [2718933,2719020] 35 (tga)
[08:54:47] 42 tRNA-Ser [2892492,2892579] 35 (gga)
[08:54:47] 43 tRNA-Lys c[3034101,3034176] 34 (ttt)
[08:54:47] 44 tRNA-Lys c[3034210,3034285] 34 (ttt)
[08:54:47] 45 tRNA-Lys c[3034334,3034409] 34 (ttt)
[08:54:47] 46 tRNA-Val c[3034413,3034488] 34 (tac)
[08:54:47] 47 tRNA-Lys c[3034540,3034615] 34 (ttt)
[08:54:47] 48 tRNA-Val c[3034618,3034693] 34 (tac)
[08:54:47] 49 tRNA-Lys c[3034729,3034804] 34 (ttt)
[08:54:47] 50 tRNA-Met [3121605,3121681] 35 (cat)
[08:54:47] 51 tRNA-Leu [3121692,3121776] 35 (tag)
[08:54:47] 52 tRNA-Gln [3121800,3121874] 33 (ttg)
[08:54:47] 53 tRNA-Gln [3121909,3121983] 33 (ttg)
[08:54:47] 54 tRNA-Met [3121999,3122075] 35 (cat)
[08:54:47] 55 tRNA-Gln [3122124,3122198] 33 (ctg)
[08:54:47] 56 tRNA-Gln [3122236,3122310] 33 (ctg)
[08:54:47] 57 tRNA-Arg c[3241304,3241380] 35 (tct)
[08:54:47] 58 tRNA-Ser c[3443451,3443531] 38 (gga)
[08:54:47] 59 tRNA-Thr c[3513100,3513175] 34 (cgt)
[08:54:47] 60 tRNA-Asp c[3573628,3573704] 35 (gtc)
[08:54:47] 61 tRNA-Asp c[3581853,3581929] 35 (gtc)
[08:54:47] 62 tRNA-Ala c[3585289,3585364] 34 (tgc)
[08:54:47] 63 tRNA-Ile c[3585407,3585483] 35 (gat)
[08:54:47] 64 tRNA-Leu [3863035,3863121] 35 (cag)
[08:54:47] 65 tRNA-Leu [3863150,3863236] 35 (cag)
[08:54:47] 66 tRNA-Leu [3863271,3863357] 35 (cag)
[08:54:47] 67 tRNA-Leu c[4019113,4019197] 35 (caa)
[08:54:47] 68 tRNA-Gly c[4125561,4125636] 34 (gcc)
[08:54:47] 69 tRNA-Gly c[4125672,4125747] 34 (gcc)
[08:54:47] 70 tRNA-Gly c[4125784,4125859] 34 (gcc)
[08:54:47] 71 tRNA-Phe [4155017,4155092] 34 (gaa)
[08:54:47] 72 tRNA-Glu c[4347263,4347338] 35 (ttc)
[08:54:47] 73 tRNA-Thr c[4380217,4380292] 34 (ggt)
[08:54:47] 74 tRNA-Gly c[4380299,4380373] 34 (tcc)
[08:54:47] 75 tRNA-Tyr c[4380490,4380574] 35 (gta)
[08:54:47] 76 tRNA-Thr c[4380583,4380658] 34 (tgt)
[08:54:47] 77 tRNA-Ala c[4387429,4387504] 34 (tgc)
[08:54:47] 78 tRNA-Ile c[4387547,4387623] 35 (gat)
[08:54:47] 79 tRNA-Glu c[4516586,4516661] 35 (ttc)
[08:54:47] 80 tRNA-Pro c[4592646,4592722] 35 (tgg)
[08:54:47] 81 tRNA-Leu c[4592765,4592851] 35 (cag)
[08:54:47] 82 tRNA-His c[4592872,4592947] 34 (gtg)
[08:54:47] 83 tRNA-Arg c[4593006,4593082] 35 (ccg)
[08:54:47] 84 tRNA-Trp c[4627551,4627626] 34 (cca)
[08:54:47] 85 tRNA-Asp c[4627635,4627711] 35 (gtc)
[08:54:47] 86 tRNA-Glu c[4631081,4631156] 35 (ttc)
[08:54:47] 87 tRNA-SeC c[4736172,4736266] 35 (tca)
[08:54:47] 88 tRNA-Pro [4868539,4868615] 35 (cgg)
[08:54:47] Found 88 tRNAs
[08:54:47] Predicting Ribosomal RNAs
[08:54:47] Running Barrnap with 8 threads
[08:54:49] 1 CP020116.1 152996 16S ribosomal RNA
[08:54:49] 2 CP020116.1 154982 23S ribosomal RNA
[08:54:49] 3 CP020116.1 157988 5S ribosomal RNA
[08:54:49] 4 CP020116.1 158233 5S ribosomal RNA
[08:54:49] 5 CP020116.1 972035 16S ribosomal RNA
[08:54:49] 6 CP020116.1 973930 23S ribosomal RNA
[08:54:49] 7 CP020116.1 976936 5S ribosomal RNA
[08:54:49] 8 CP020116.1 3581987 5S ribosomal RNA
[08:54:49] 9 CP020116.1 3582203 23S ribosomal RNA
[08:54:49] 10 CP020116.1 3585553 16S ribosomal RNA
[08:54:49] 11 CP020116.1 4343951 5S ribosomal RNA
[08:54:49] 12 CP020116.1 4344167 23S ribosomal RNA
[08:54:49] 13 CP020116.1 4347425 16S ribosomal RNA
[08:54:49] 14 CP020116.1 4384128 5S ribosomal RNA
[08:54:49] 15 CP020116.1 4384344 23S ribosomal RNA
[08:54:49] 16 CP020116.1 4387693 16S ribosomal RNA
[08:54:49] 17 CP020116.1 4513274 5S ribosomal RNA
[08:54:49] 18 CP020116.1 4513490 23S ribosomal RNA
[08:54:49] 19 CP020116.1 4516748 16S ribosomal RNA
[08:54:49] 20 CP020116.1 4627769 5S ribosomal RNA
[08:54:49] 21 CP020116.1 4627985 23S ribosomal RNA
[08:54:49] 22 CP020116.1 4631243 16S ribosomal RNA
[08:54:49] Found 22 rRNAs
[08:54:49] Skipping ncRNA search, enable with --rfam if desired.
[08:54:49] Total of 109 tRNA + rRNA features
[08:54:49] Searching for CRISPR repeats
[08:54:49] Found 0 CRISPRs
[08:54:49] Predicting coding sequences
[08:54:49] Contigs total 4992088 bp, so using single mode
[08:54:49] Running: prodigal -i \/Users\/alopatki\/Documents\/MATLAB\/sucA_test\/ecoli_fastas\/\/prokka\/prokka_CP020116\.1\.fna -c -m -g 11 -p single -f sco -q
[08:54:57] Excluding CDS which overlaps existing RNA (rRNA) at CP020116.1:154180..154434 on + strand
[08:54:57] Excluding CDS which overlaps existing RNA (tRNA) at CP020116.1:157996..158268 on - strand
[08:54:58] Excluding CDS which overlaps existing RNA (tRNA) at CP020116.1:915011..915661 on - strand
[08:54:58] Excluding CDS which overlaps existing RNA (rRNA) at CP020116.1:973219..973473 on + strand
[08:54:58] Excluding CDS which overlaps existing RNA (tRNA) at CP020116.1:1166544..1168979 on + strand
[08:55:01] Excluding CDS which overlaps existing RNA (rRNA) at CP020116.1:3585652..3585906 on - strand
[08:55:02] Excluding CDS which overlaps existing RNA (rRNA) at CP020116.1:4347524..4347778 on - strand
[08:55:02] Excluding CDS which overlaps existing RNA (rRNA) at CP020116.1:4387792..4388046 on - strand
[08:55:02] Excluding CDS which overlaps existing RNA (rRNA) at CP020116.1:4516847..4517101 on - strand
[08:55:02] Excluding CDS which overlaps existing RNA (rRNA) at CP020116.1:4631342..4631596 on - strand
[08:55:03] Found 4660 CDS
[08:55:03] Connecting features back to sequences
[08:55:03] Not using genus-specific database. Try --usegenus to enable it.
[08:55:03] Annotating CDS, please be patient.
[08:55:03] Will use 8 CPUs for similarity searching.
[08:55:03] There are still 4660 unannotated CDS left (started with 4660)
[08:55:03] Will use blast to search against /Users/alopatki/anaconda3/envs/prokka_env/db/kingdom/Bacteria/IS with 8 CPUs
[08:55:03] Running: cat \/Users\/alopatki\/Documents\/MATLAB\/sucA_test\/ecoli_fastas\/\/prokka\/prokka_CP020116\.1\.IS\.tmp\.81098\.faa | parallel --gnu --plain -j 8 --block 93182 --recstart '>' --pipe blastp -query - -db /Users/alopatki/anaconda3/envs/prokka_env/db/kingdom/Bacteria/IS -evalue 1e-30 -qcov_hsp_perc 90 -num_threads 1 -num_descriptions 1 -num_alignments 1 -seg no > \/Users\/alopatki\/Documents\/MATLAB\/sucA_test\/ecoli_fastas\/\/prokka\/prokka_CP020116\.1\.IS\.tmp\.81098\.blast 2> /dev/null
[08:55:17] Deleting unwanted file: /Users/alopatki/Documents/MATLAB/sucA_test/ecoli_fastas//prokka/prokka_CP020116.1.IS.tmp.81098.faa
[08:55:17] Deleting unwanted file: /Users/alopatki/Documents/MATLAB/sucA_test/ecoli_fastas//prokka/prokka_CP020116.1.IS.tmp.81098.blast
[08:55:18] There are still 4584 unannotated CDS left (started with 4660)
[08:55:18] Will use blast to search against /Users/alopatki/anaconda3/envs/prokka_env/db/kingdom/Bacteria/AMR with 8 CPUs
[08:55:18] Running: cat \/Users\/alopatki\/Documents\/MATLAB\/sucA_test\/ecoli_fastas\/\/prokka\/prokka_CP020116\.1\.AMR\.tmp\.81098\.faa | parallel --gnu --plain -j 8 --block 92085 --recstart '>' --pipe blastp -query - -db /Users/alopatki/anaconda3/envs/prokka_env/db/kingdom/Bacteria/AMR -evalue 9.99999999999999e-301 -qcov_hsp_perc 90 -num_threads 1 -num_descriptions 1 -num_alignments 1 -seg no > \/Users\/alopatki\/Documents\/MATLAB\/sucA_test\/ecoli_fastas\/\/prokka\/prokka_CP020116\.1\.AMR\.tmp\.81098\.blast 2> /dev/null
[08:55:28] Deleting unwanted file: /Users/alopatki/Documents/MATLAB/sucA_test/ecoli_fastas//prokka/prokka_CP020116.1.AMR.tmp.81098.faa
[08:55:28] Deleting unwanted file: /Users/alopatki/Documents/MATLAB/sucA_test/ecoli_fastas//prokka/prokka_CP020116.1.AMR.tmp.81098.blast
[08:55:29] There are still 4584 unannotated CDS left (started with 4660)
[08:55:29] Will use blast to search against /Users/alopatki/anaconda3/envs/prokka_env/db/kingdom/Bacteria/sprot with 8 CPUs
[08:55:29] Running: cat \/Users\/alopatki\/Documents\/MATLAB\/sucA_test\/ecoli_fastas\/\/prokka\/prokka_CP020116\.1\.sprot\.tmp\.81098\.faa | parallel --gnu --plain -j 8 --block 92085 --recstart '>' --pipe blastp -query - -db /Users/alopatki/anaconda3/envs/prokka_env/db/kingdom/Bacteria/sprot -evalue 1e-09 -qcov_hsp_perc 80 -num_threads 1 -num_descriptions 1 -num_alignments 1 -seg no > \/Users\/alopatki\/Documents\/MATLAB\/sucA_test\/ecoli_fastas\/\/prokka\/prokka_CP020116\.1\.sprot\.tmp\.81098\.blast 2> /dev/null
[08:56:22] Modify product: Probable serine transporter => putative serine transporter
[08:56:22] Modify product: UPF0597 protein YhaM => hypothetical protein
[08:56:22] Modify product: Uncharacterized protein YqjD => putative protein YqjD
[08:56:22] Modify product: Probable glycerol-3-phosphate acyltransferase => putative glycerol-3-phosphate acyltransferase
[08:56:22] Modify product: Probable fimbrial chaperone YfcS => putative fimbrial chaperone YfcS
[08:56:22] Modify product: Uncharacterized fimbrial-like protein YbgD => putative fimbrial-like protein YbgD
[08:56:22] Modify product: Probable siderophore transport system ATP-binding protein YusV => putative siderophore transport system ATP-binding protein YusV
[08:56:22] Modify product: Probable siderophore transport system permease protein YfiZ => putative siderophore transport system permease protein YfiZ
[08:56:22] Modify product: Probable quinol monooxygenase YgiN => putative quinol monooxygenase YgiN
[08:56:22] Modify product: Probable deoxycholate-binding periplasmic protein YgiS => putative deoxycholate-binding periplasmic protein YgiS
[08:56:22] Modify product: Solute-binding protein Bpro_3107 => Solute-binding protein
[08:56:22] Modify product: Uncharacterized oxidoreductase YjmC => putative oxidoreductase YjmC
[08:56:22] Modify product: Uncharacterized oxidoreductase YghA => putative oxidoreductase YghA
[08:56:22] Modify product: Probable Ni/Fe-hydrogenase 2 b-type cytochrome subunit => putative Ni/Fe-hydrogenase 2 b-type cytochrome subunit
[08:56:22] Modify product: Uncharacterized protein YtfJ => putative protein YtfJ
[08:56:22] Modify product: Uncharacterized FAD-linked oxidoreductase Rv2280 => putative FAD-linked oxidoreductase
[08:56:22] Modify product: UPF0758 protein CT0611 => hypothetical protein
[08:56:22] Modify product: UPF0401 protein YkfF => hypothetical protein
[08:56:22] Modify product: Probable N-acetylneuraminic acid outer membrane channel protein NanC => putative N-acetylneuraminic acid outer membrane channel protein NanC
[08:56:22] Modify product: Probable 9-O-acetyl-N-acetylneuraminic acid deacetylase => putative 9-O-acetyl-N-acetylneuraminic acid deacetylase
[08:56:22] Modify product: Probable Fe(2+)-trafficking protein => putative Fe(2+)-trafficking protein
[08:56:22] Modify product: Uncharacterized protein HI_0341 => putative protein
[08:56:22] Modify product: Solute-binding protein Bamb_6123 => Solute-binding protein
[08:56:22] Modify product: UPF0235 protein YggU => hypothetical protein
[08:56:22] Modify product: Uncharacterized protein YggR => putative protein YggR
[08:56:22] Modify product: UPF0301 protein YqgE => hypothetical protein
[08:56:22] Modify product: UPF0149 protein HI_0817 => hypothetical protein
[08:56:22] Modify product: UPF0267 protein YqfB => hypothetical protein
[08:56:22] Modify product: UPF0073 inner membrane protein YqfA => hypothetical protein
[08:56:22] Modify product: Uncharacterized protein YqfG => putative protein YqfG
[08:56:22] Modify product: Uncharacterized lipoprotein YgdR => putative lipoprotein YgdR
[08:56:22] Modify product: UPF0053 inner membrane protein YgdQ => hypothetical protein
[08:56:22] Modify product: Uncharacterized lipoprotein YgdR => putative lipoprotein YgdR
[08:56:22] Modify product: UPF0382 inner membrane protein YgdD => hypothetical protein
[08:56:22] Modify product: Uncharacterized HTH-type transcriptional regulator YdjF => putative HTH-type transcriptional regulator YdjF
[08:56:22] Modify product: Uncharacterized protein YqcC => putative protein YqcC
[08:56:22] Modify product: Uncharacterized protein PA3435 => putative protein
[08:56:22] Modify product: Probable glucarate transporter => putative glucarate transporter
[08:56:22] Modify product: Uncharacterized protein YqcG => putative protein YqcG
[08:56:22] Modify product: Uncharacterized protein YgcP => putative protein YgcP
[08:56:23] Modify product: Probable transporter SCO4007 => putative transporter
[08:56:23] Modify product: Uncharacterized protein YgaM => putative protein YgaM
[08:56:23] Modify product: Probable HTH-type transcriptional regulator YgaV => putative HTH-type transcriptional regulator YgaV
[08:56:23] Modify product: UPF0265 protein YeeX => hypothetical protein
[08:56:23] Modify product: UPF0758 protein => hypothetical protein
[08:56:23] Modify product: Uncharacterized protein YbdM => putative protein YbdM
[08:56:23] Modify product: Probable L,D-transpeptidase ErfK/SrfK => putative L,D-transpeptidase ErfK/SrfK
[08:56:23] Modify product: Probable FMN/FAD exporter YeeO => putative FMN/FAD exporter YeeO
[08:56:23] Modify product: Probable transcriptional regulatory protein YeeN => putative transcriptional regulatory protein YeeN
[08:56:23] Modify product: Putative multidrug export ATP-binding/permease protein SAV1866 => Putative multidrug export ATP-binding/permease protein
[08:56:23] Modify product: UPF0098 protein YbcL => hypothetical protein
[08:56:23] Modify product: UPF0394 inner membrane protein YedE => hypothetical protein
[08:56:23] Modify product: Probable transcriptional regulatory protein YebC => putative transcriptional regulatory protein YebC
[08:56:23] Modify product: Uncharacterized protein YebV => putative protein YebV
[08:56:23] Modify product: Probable manganese efflux pump MntP => putative manganese efflux pump MntP
[08:56:23] Modify product: UPF0266 membrane protein YobD => hypothetical protein
[08:56:23] Modify product: UPF0053 inner membrane protein YoaE => hypothetical protein
[08:56:23] Modify product: Probable cyclic di-GMP phosphodiesterase PdeD => putative cyclic di-GMP phosphodiesterase PdeD
[08:56:23] Modify product: UPF0053 inner membrane protein YfjD => hypothetical protein
[08:56:23] Modify product: Uncharacterized tRNA/rRNA methyltransferase YfiF => putative tRNA/rRNA methyltransferase YfiF
[08:56:23] Modify product: Uncharacterized protein YphB => putative protein YphB
[08:56:23] Modify product: Probable 3-phenylpropionic acid transporter => putative 3-phenylpropionic acid transporter
[08:56:23] Modify product: Uncharacterized protein Rv2307c => putative protein
[08:56:23] Modify product: UPF0070 protein HI_0370 => hypothetical protein
[08:56:23] Modify product: Uncharacterized protein YfgJ => putative protein YfgJ
[08:56:23] Modify product: Uncharacterized protein YfgD => putative protein YfgD
[08:56:23] Modify product: Uncharacterized protein Rv2575 => putative protein
[08:56:23] Modify product: Uncharacterized protein YfeY => putative protein YfeY
[08:56:23] Modify product: Probable multidrug resistance protein EmrK => putative multidrug resistance protein EmrK
[08:56:23] Modify product: Probable multidrug resistance protein EmrY => putative multidrug resistance protein EmrY
[08:56:23] Modify product: UPF0381 protein YiiS => hypothetical protein
[08:56:23] Modify product: Uncharacterized fimbrial-like protein YfcV => putative fimbrial-like protein YfcV
[08:56:23] Modify product: Probable fimbrial chaperone YfcS => putative fimbrial chaperone YfcS
[08:56:23] Modify product: Uncharacterized fimbrial-like protein YfcR => putative fimbrial-like protein YfcR
[08:56:23] Modify product: Uncharacterized fimbrial-like protein YfcQ => putative fimbrial-like protein YfcQ
[08:56:23] Modify product: Uncharacterized fimbrial-like protein YfcP => putative fimbrial-like protein YfcP
[08:56:23] Modify product: Uncharacterized protein YfcO => putative protein YfcO
[08:56:23] Modify product: Probable membrane transporter protein YfcA => putative membrane transporter protein YfcA
[08:56:23] Modify product: Uncharacterized MFS-type transporter YfcJ => putative MFS-type transporter YfcJ
[08:56:23] Modify product: Probable ATP-dependent DNA helicase YoaA => putative ATP-dependent DNA helicase YoaA
[08:56:23] Modify product: Uncharacterized protein YeaR => putative protein YeaR
[08:56:23] Modify product: Probable diguanylate cyclase DgcJ => putative diguanylate cyclase DgcJ
[08:56:23] Modify product: Probable diguanylate cyclase CdgI => putative diguanylate cyclase CdgI
[08:56:23] Modify product: Stress response UPF0229 protein YhbH => hypothetical protein
[08:56:23] Modify product: Uncharacterized zinc-type alcohol dehydrogenase-like protein YdjJ => putative zinc-type alcohol dehydrogenase-like protein YdjJ
[08:56:23] Modify product: Uncharacterized protein YdjI => putative protein YdjI
[08:56:23] Modify product: Uncharacterized sugar kinase YdjH => putative sugar kinase YdjH
[08:56:23] Modify product: Uncharacterized HTH-type transcriptional regulator YdjF => putative HTH-type transcriptional regulator YdjF
[08:56:23] Modify product: Probable ketoamine kinase HMPREF0351_12196 => putative ketoamine kinase
[08:56:23] Modify product: Uncharacterized protein YniD => putative protein YniD
[08:56:23] Modify product: Uncharacterized protein YdiE => putative protein YdiE
[08:56:23] Modify product: Uncharacterized protein HI_1163 => putative protein
[08:56:23] Modify product: Probable ATP-dependent transporter SufC => putative ATP-dependent transporter SufC
[08:56:23] Modify product: Probable L,D-transpeptidase YnhG => putative L,D-transpeptidase YnhG
[08:56:23] Modify product: Uncharacterized ferredoxin-like protein YdhY => putative ferredoxin-like protein YdhY
[08:56:23] Modify product: Uncharacterized oxidoreductase YdhV => putative oxidoreductase YdhV
[08:56:23] Modify product: Uncharacterized protein YdhW => putative protein YdhW
[08:56:23] Modify product: Uncharacterized ferredoxin-like protein YdhX => putative ferredoxin-like protein YdhX
[08:56:23] Modify product: Uncharacterized protein YdhT => putative protein YdhT
[08:56:23] Modify product: Probable autotransporter ROD_p1121 => putative autotransporter
[08:56:23] Modify product: Uncharacterized HTH-type transcriptional regulator YahB => putative HTH-type transcriptional regulator YahB
[08:56:23] Modify product: Uncharacterized protein YnhF => putative protein YnhF
[08:56:23] Modify product: Uncharacterized oxidoreductase YdgJ => putative oxidoreductase YdgJ
[08:56:23] Modify product: Glucuronide carrier protein homolog => Glucuronide carrier protein 
[08:56:23] Modify product: Probable dimethyl sulfoxide reductase chain YnfF => putative dimethyl sulfoxide reductase chain YnfF
[08:56:23] Modify product: Probable dimethyl sulfoxide reductase chain YnfF => putative dimethyl sulfoxide reductase chain YnfF
[08:56:23] Modify product: Uncharacterized protein YnfD => putative protein YnfD
[08:56:23] Modify product: UPF0482 protein YnfB => hypothetical protein
[08:56:23] Modify product: UPF0060 membrane protein YnfA => hypothetical protein
[08:56:23] Modify product: Probable amino-acid metabolite efflux pump => putative amino-acid metabolite efflux pump
[08:56:23] Modify product: UPF0056 inner membrane protein MarC => hypothetical protein
[08:56:23] Modify product: Probable glutamate/gamma-aminobutyrate antiporter => putative glutamate/gamma-aminobutyrate antiporter
[08:56:23] Modify product: Uncharacterized HTH-type transcriptional regulator YddM => putative HTH-type transcriptional regulator YddM
[08:56:23] Modify product: Probable nitrate reductase molybdenum cofactor assembly chaperone NarW => putative nitrate reductase molybdenum cofactor assembly chaperone NarW
[08:56:24] Modify product: Uncharacterized isomerase YddE => putative isomerase YddE
[08:56:24] Modify product: Uncharacterized protein YncE => putative protein YncE
[08:56:24] Modify product: Uncharacterized protein YdcY => putative protein YdcY
[08:56:24] Modify product: Uncharacterized oxidoreductase YhhX => putative oxidoreductase YhhX
[08:56:24] Modify product: UPF0056 inner membrane protein YhgN => hypothetical protein
[08:56:24] Modify product: Probable [Fe-S]-dependent transcriptional repressor FeoC => putative [Fe-S]-dependent transcriptional repressor FeoC
[08:56:24] Modify product: Putative membrane protein IgaA homolog => Putative membrane protein IgaA 
[08:56:24] Modify product: Uncharacterized protein YhfX => putative protein YhfX
[08:56:24] Modify product: Uncharacterized protein YhfS => putative protein YhfS
[08:56:24] Modify product: Uncharacterized protein YhfG => putative protein YhfG
[08:56:24] Modify product: Probable protein adenylyltransferase Fic => putative protein adenylyltransferase Fic
[08:56:24] Modify product: UPF0270 protein PA3463 => hypothetical protein
[08:56:24] Modify product: Uncharacterized ABC transporter ATP-binding protein YheS => putative ABC transporter ATP-binding protein YheS
[08:56:24] Modify product: Protein SlyX homolog => Protein SlyX 
[08:56:24] Modify product: Probable bifunctional chitinase/lysozyme => putative bifunctional chitinase/lysozyme
[08:56:24] Modify product: Uncharacterized membrane protein YhdT => putative membrane protein YhdT
[08:56:24] Modify product: Probable acrylyl-CoA reductase AcuI => putative acrylyl-CoA reductase AcuI
[08:56:24] Modify product: Uncharacterized protein YhcO => putative protein YhcO
[08:56:24] Modify product: Uncharacterized protein YhcH => putative protein YhcH
[08:56:24] Modify product: Uncharacterized protein YrbL => putative protein YrbL
[08:56:24] Modify product: Uncharacterized inner membrane transporter YhbE => putative inner membrane transporter YhbE
[08:56:24] Modify product: Uncharacterized protease YhbU => putative protease YhbU
[08:56:24] Modify product: UPF0213 protein BH0048 => hypothetical protein
[08:56:24] Modify product: Probable galactarate transporter => putative galactarate transporter
[08:56:24] Modify product: 23S rRNA 5-hydroxycytidine C2501 synthase => 23S rRNA 5-hydroxycytidine synthase
[08:56:24] Modify product: Uncharacterized protein Rv3292 => putative protein
[08:56:24] Modify product: Probable DNA endonuclease SmrA => putative DNA endonuclease SmrA
[08:56:24] Modify product: Uncharacterized protein YcjY => putative protein YcjY
[08:56:24] Modify product: UPF0283 membrane protein YcjF => hypothetical protein
[08:56:24] Modify product: Uncharacterized protein YcjX => putative protein YcjX
[08:56:24] Modify product: Probable efflux pump outer membrane protein TtgC => putative efflux pump outer membrane protein TtgC
[08:56:24] Modify product: UPF0509 protein YciZ => hypothetical protein
[08:56:24] Modify product: Uncharacterized protein YciH => putative protein YciH
[08:56:24] Modify product: Probable protease SohB => putative protease SohB
[08:56:24] Modify product: Uncharacterized oxidoreductase YciK => putative oxidoreductase YciK
[08:56:24] Modify product: Uncharacterized protein YciO => putative protein YciO
[08:56:24] Modify product: Uncharacterized protein YdfB => putative protein YdfB
[08:56:24] Modify product: UPF0259 membrane protein YciC => hypothetical protein
[08:56:24] Modify product: Probable intracellular septation protein A => putative intracellular septation protein A
[08:56:24] Modify product: Uncharacterized acyl-CoA thioester hydrolase HI_0827 => putative acyl-CoA thioester hydrolase
[08:56:24] Modify product: UPF0263 protein YciU => hypothetical protein
[08:56:24] Modify product: UPF0056 inner membrane protein MarC => hypothetical protein
[08:56:24] Modify product: Uncharacterized NTE family protein Rv1063c => putative NTE family protein
[08:56:24] Modify product: UPF0225 protein YchJ => hypothetical protein
[08:56:24] Modify product: Probable ABC transporter permease protein HI_1471 => putative ABC transporter permease protein
[08:56:24] Modify product: Uncharacterized ABC transporter ATP-binding protein HI_1470 => putative ABC transporter ATP-binding protein
[08:56:24] Modify product: Epimerase family protein SA0724 => Epimerase family protein
[08:56:24] Modify product: Uncharacterized Nudix hydrolase YfcD => putative Nudix hydrolase YfcD
[08:56:24] Modify product: UPF0208 membrane protein YfbV => hypothetical protein
[08:56:24] Modify product: UPF0304 protein YfbU => hypothetical protein
[08:56:24] Modify product: Probable 4-amino-4-deoxy-L-arabinose-phosphoundecaprenol flippase subunit ArnF => putative 4-amino-4-deoxy-L-arabinose-phosphoundecaprenol flippase subunit ArnF
[08:56:24] Modify product: Probable 4-amino-4-deoxy-L-arabinose-phosphoundecaprenol flippase subunit ArnE => putative 4-amino-4-deoxy-L-arabinose-phosphoundecaprenol flippase subunit ArnE
[08:56:24] Modify product: Probable 4-deoxy-4-formamido-L-arabinose-phosphoundecaprenol deformylase ArnD => putative 4-deoxy-4-formamido-L-arabinose-phosphoundecaprenol deformylase ArnD
[08:56:24] Modify product: Uncharacterized HTH-type transcriptional regulator RhmR => putative HTH-type transcriptional regulator RhmR
[08:56:24] Modify product: Probable autotransporter YfaL => putative autotransporter YfaL
[08:56:24] Modify product: UPF0352 protein YejL => hypothetical protein
[08:56:24] Modify product: Uncharacterized protein YejG => putative protein YejG
[08:56:24] Modify product: Uncharacterized ABC transporter ATP-binding protein YejF => putative ABC transporter ATP-binding protein YejF
[08:56:24] Modify product: Probable cyclic di-GMP phosphodiesterase PdeN => putative cyclic di-GMP phosphodiesterase PdeN
[08:56:24] Modify product: UPF0153 protein YeiW => hypothetical protein
[08:56:24] Modify product: UPF0324 inner membrane protein YeiH => hypothetical protein
[08:56:24] Modify product: UPF0299 membrane protein YohJ => hypothetical protein
[08:56:24] Modify product: Uncharacterized oxidoreductase YohF => putative oxidoreductase YohF
[08:56:24] Modify product: UPF0387 membrane protein YohO => hypothetical protein
[08:56:24] Modify product: Uncharacterized lipoprotein YehR => putative lipoprotein YehR
[08:56:24] Modify product: Uncharacterized protein YehL => putative protein YehL
[08:56:24] Modify product: Uncharacterized fimbrial-like protein YehD => putative fimbrial-like protein YehD
[08:56:24] Modify product: Probable fimbrial chaperone YehC => putative fimbrial chaperone YehC
[08:56:24] Modify product: Uncharacterized fimbrial-like protein YehA => putative fimbrial-like protein YehA
[08:56:24] Modify product: 23S rRNA 5-hydroxycytidine C2501 synthase => 23S rRNA 5-hydroxycytidine synthase
[08:56:24] Modify product: UPF0339 protein YegP => hypothetical protein
[08:56:24] Modify product: Probable diguanylate cyclase DgcE => putative diguanylate cyclase DgcE
[08:56:24] Modify product: UPF0053 inner membrane protein YoaE => hypothetical protein
[08:56:24] Modify product: Uncharacterized protein YcgM => putative protein YcgM
[08:56:24] Modify product: UPF0757 protein YmgG => hypothetical protein
[08:56:24] Modify product: Uncharacterized protein YmgD => putative protein YmgD
[08:56:24] Modify product: Probable cyclic di-GMP phosphodiesterase PdeG => putative cyclic di-GMP phosphodiesterase PdeG
[08:56:24] Modify product: Uncharacterized protein YmgC => putative protein YmgC
[08:56:24] Modify product: Probable two-component-system connector protein AriR => putative two-component-system connector protein AriR
[08:56:24] Modify product: Probable two-component-system connector protein YcgZ => putative two-component-system connector protein YcgZ
[08:56:24] Modify product: Uncharacterized protein YdfO => putative protein YdfO
[08:56:24] Modify product: Uncharacterized periplasmic iron-binding protein HI_0362 => putative periplasmic iron-binding protein
[08:56:24] Modify product: Uncharacterized protein YlcG => putative protein YlcG
[08:56:24] Modify product: Probable L,D-transpeptidase YcfS => putative L,D-transpeptidase YcfS
[08:56:24] Modify product: UPF0227 protein YcfP => hypothetical protein
[08:56:24] Modify product: Uncharacterized metal-dependent hydrolase YcfH => putative metal-dependent hydrolase YcfH
[08:56:24] Modify product: UPF0502 protein YceH => hypothetical protein
[08:56:24] Modify product: Uncharacterized lipoprotein YceB => putative lipoprotein YceB
[08:56:24] Modify product: Uncharacterized protein YceO => putative protein YceO
[08:56:24] Modify product: Cytochrome b561 homolog 2 => Cytochrome b561 
[08:56:24] Modify product: UPF0176 protein YceA => hypothetical protein
[08:56:24] Modify product: Uncharacterized protein YmdA => putative protein YmdA
[08:56:24] Modify product: Probable phosphatase YcdX => putative phosphatase YcdX
[08:56:24] Modify product: Probable diguanylate cyclase DgcT => putative diguanylate cyclase DgcT
[08:56:25] Modify product: Probable malonic semialdehyde reductase RutE => putative malonic semialdehyde reductase RutE
[08:56:25] Modify product: Uncharacterized protein YccJ => putative protein YccJ
[08:56:25] Modify product: Probable Ni/Fe-hydrogenase 1 B-type cytochrome subunit => putative Ni/Fe-hydrogenase 1 B-type cytochrome subunit
[08:56:25] Modify product: Uncharacterized protein YccU => putative protein YccU
[08:56:25] Modify product: UPF0319 protein HI_1681 => hypothetical protein
[08:56:25] Modify product: Uncharacterized protein YcbX => putative protein YcbX
[08:56:25] Modify product: Probable L,D-transpeptidase YcbB => putative L,D-transpeptidase YcbB
[08:56:25] Modify product: UPF0434 protein YcaR => hypothetical protein
[08:56:25] Modify product: UPF0065 protein in clcB-clcD intergenic region => hypothetical protein
[08:56:25] Modify product: Probable inner membrane protein Smp => putative inner membrane protein Smp
[08:56:25] Modify product: Uncharacterized protein YjjI => putative protein YjjI
[08:56:25] Modify product: Uncharacterized metal-dependent hydrolase YjjV => putative metal-dependent hydrolase YjjV
[08:56:25] Modify product: UPF0442 protein YjjB => hypothetical protein
[08:56:25] Modify product: Probable HTH-type transcriptional regulator LgoR => putative HTH-type transcriptional regulator LgoR
[08:56:25] Modify product: Probable L-galactonate transporter => putative L-galactonate transporter
[08:56:25] Modify product: Uncharacterized protein YjiK => putative protein YjiK
[08:56:25] Modify product: Probable RNA 2'-phosphotransferase => putative RNA 2'-phosphotransferase
[08:56:25] Modify product: Probable major fimbrial subunit LpfA => putative major fimbrial subunit LpfA
[08:56:25] Modify product: Probable N-acetylneuraminic acid outer membrane channel protein NanC => putative N-acetylneuraminic acid outer membrane channel protein NanC
[08:56:25] Modify product: Probable 9-O-acetyl-N-acetylneuraminic acid deacetylase => putative 9-O-acetyl-N-acetylneuraminic acid deacetylase
[08:56:25] Modify product: Uncharacterized protein YjhP => putative protein YjhP
[08:56:25] Modify product: Probable 2-dehydro-3-deoxy-D-pentonate aldolase YjhH => putative 2-dehydro-3-deoxy-D-pentonate aldolase YjhH
[08:56:25] Modify product: UPF0401 protein YkfF => hypothetical protein
[08:56:25] Modify product: Probable RNA polymerase sigma factor FecI => putative RNA polymerase sigma factor FecI
[08:56:25] Modify product: Probable sulfoacetate transporter SauU => putative sulfoacetate transporter SauU
[08:56:25] Modify product: Uncharacterized HTH-type transcriptional regulator RhmR => putative HTH-type transcriptional regulator RhmR
[08:56:25] Modify product: Uncharacterized protein YjgL => putative protein YjgL
[08:56:25] Modify product: UPF0307 protein YjgA => hypothetical protein
[08:56:25] Modify product: Uncharacterized HTH-type transcriptional regulator YahB => putative HTH-type transcriptional regulator YahB
[08:56:25] Modify product: Probable pyridine nucleotide-disulfide oxidoreductase RclA => putative pyridine nucleotide-disulfide oxidoreductase RclA
[08:56:25] Modify product: Uncharacterized oxidoreductase YtbE => putative oxidoreductase YtbE
[08:56:25] Modify product: Uncharacterized protein YcjY => putative protein YcjY
[08:56:25] Modify product: Uncharacterized membrane protein YkgR => putative membrane protein YkgR
[08:56:25] Modify product: Probable fimbrial chaperone EcpB => putative fimbrial chaperone EcpB
[08:56:25] Modify product: Probable outer membrane usher protein EcpC => putative outer membrane usher protein EcpC
[08:56:25] Modify product: Probable fimbrial chaperone EcpE => putative fimbrial chaperone EcpE
[08:56:25] Modify product: UPF0255 protein VV1_0328 => hypothetical protein
[08:56:25] Modify product: Uncharacterized N-acetyltransferase YafP => putative N-acetyltransferase YafP
[08:56:25] Modify product: Uncharacterized methyltransferase YcgJ => putative methyltransferase YcgJ
[08:56:25] Modify product: Uncharacterized protein YaeQ => putative protein YaeQ
[08:56:25] Modify product: UPF0253 protein YaeP => hypothetical protein
[08:56:25] Modify product: UPF0126 inner membrane protein YadS => hypothetical protein
[08:56:25] Modify product: Uncharacterized fimbrial-like protein YadN => putative fimbrial-like protein YadN
[08:56:25] Modify product: Probable fimbrial chaperone YadV => putative fimbrial chaperone YadV
[08:56:25] Modify product: Uncharacterized fimbrial-like protein YadM => putative fimbrial-like protein YadM
[08:56:25] Modify product: Uncharacterized fimbrial-like protein YadL => putative fimbrial-like protein YadL
[08:56:25] Modify product: Uncharacterized fimbrial-like protein YadK => putative fimbrial-like protein YadK
[08:56:25] Modify product: Uncharacterized fimbrial-like protein YadC => putative fimbrial-like protein YadC
[08:56:25] Modify product: Uncharacterized ABC transporter ATP-binding protein YadG => putative ABC transporter ATP-binding protein YadG
[08:56:25] Modify product: UPF0231 protein YacL => hypothetical protein
[08:56:25] Modify product: Probable peptidoglycan glycosyltransferase FtsW => putative peptidoglycan glycosyltransferase FtsW
[08:56:25] Modify product: Probable cystine transporter YijE => putative cystine transporter YijE
[08:56:25] Modify product: UPF0381 protein YiiS => hypothetical protein
[08:56:25] Modify product: UPF0761 membrane protein YihY => hypothetical protein
[08:56:25] Modify product: Uncharacterized protein YphB => putative protein YphB
[08:56:25] Modify product: Uncharacterized zinc-type alcohol dehydrogenase-like protein YjmD => putative zinc-type alcohol dehydrogenase-like protein YjmD
[08:56:25] Modify product: Uncharacterized protein YshB => putative protein YshB
[08:56:25] Modify product: Probable GTP-binding protein EngB => putative GTP-binding protein EngB
[08:56:25] Modify product: Probable acyltransferase YihG => putative acyltransferase YihG
[08:56:25] Modify product: Probable protein kinase UbiB => putative protein kinase UbiB
[08:56:25] Modify product: Probable 2-dehydro-3-deoxygalactonokinase DgoK1 => putative 2-dehydro-3-deoxygalactonokinase DgoK1
[08:56:25] Modify product: Uncharacterized HTH-type transcriptional regulator YahB => putative HTH-type transcriptional regulator YahB
[08:56:25] Modify product: Uncharacterized HTH-type transcriptional regulator YbbH => putative HTH-type transcriptional regulator YbbH
[08:56:25] Modify product: Probable transport protein YifK => putative transport protein YifK
[08:56:25] Modify product: Probable ECA polymerase => putative ECA polymerase
[08:56:25] Modify product: UPF0438 protein YifE => hypothetical protein
[08:56:25] Modify product: Probable transport protein HsrA => putative transport protein HsrA
[08:56:25] Modify product: Probable glucosamine-6-phosphate deaminase 2 => putative glucosamine-6-phosphate deaminase 2
[08:56:25] Modify product: UPF0167 protein CbrC => hypothetical protein
[08:56:25] Modify product: Uncharacterized protein YhhA => putative protein YhhA
[08:56:25] Modify product: UPF0250 protein YbeD => hypothetical protein
[08:56:25] Modify product: Uncharacterized HTH-type transcriptional regulator YbdO => putative HTH-type transcriptional regulator YbdO
[08:56:25] Modify product: Uncharacterized protein YbdM => putative protein YbdM
[08:56:25] Modify product: Bifunctional protein FolD => Bifunctional protein FolD protein
[08:56:25] Modify product: Uncharacterized protein YbcJ => putative protein YbcJ
[08:56:26] Modify product: Probable iron export permease protein FetB => putative iron export permease protein FetB
[08:56:26] Modify product: Probable iron export ATP-binding protein FetA => putative iron export ATP-binding protein FetA
[08:56:26] Modify product: Uncharacterized HTH-type transcriptional regulator YbaQ => putative HTH-type transcriptional regulator YbaQ
[08:56:26] Modify product: Probable cyclic di-GMP phosphodiesterase PdeB => putative cyclic di-GMP phosphodiesterase PdeB
[08:56:26] Modify product: Uncharacterized protein YbaA => putative protein YbaA
[08:56:26] Modify product: Uncharacterized lipoprotein YbaY => putative lipoprotein YbaY
[08:56:26] Modify product: Probable multidrug resistance ABC transporter ATP-binding/permease protein YheI => putative multidrug resistance ABC transporter ATP-binding/permease protein YheI
[08:56:26] Modify product: Uncharacterized protein HI_1008 => putative protein
[08:56:26] Modify product: UPF0234 protein YajQ => hypothetical protein
[08:56:26] Modify product: Uncharacterized lipoprotein YajI => putative lipoprotein YajI
[08:56:26] Modify product: Uncharacterized protein YaiA => putative protein YaiA
[08:56:26] Modify product: UPF0178 protein YaiI => hypothetical protein
[08:56:26] Modify product: Probable diguanylate cyclase DgcC => putative diguanylate cyclase DgcC
[08:56:26] Modify product: Probable 2-dehydro-3-deoxygalactonokinase DgoK1 => putative 2-dehydro-3-deoxygalactonokinase DgoK1
[08:56:26] Modify product: Uncharacterized symporter YidK => putative symporter YidK
[08:56:26] Modify product: Uncharacterized inner membrane transporter YicL => putative inner membrane transporter YicL
[08:56:26] Modify product: Probable fructose-bisphosphate aldolase => putative fructose-bisphosphate aldolase
[08:56:26] Modify product: UPF0126 inner membrane protein YicG => hypothetical protein
[08:56:26] Modify product: UPF0701 protein YicC => hypothetical protein
[08:56:26] Modify product: UPF0758 protein SP_1088 => hypothetical protein
[08:56:26] Modify product: Uncharacterized protein HI_0755 => putative protein
[08:56:26] Modify product: Uncharacterized protein YibN => putative protein YibN
[08:56:26] Modify product: Uncharacterized protein YibL => putative protein YibL
[08:56:26] Modify product: Uncharacterized GST-like protein YibF => putative GST-like protein YibF
[08:56:26] Modify product: Uncharacterized protein YiaX1 => putative protein YiaX1
[08:56:26] Modify product: Uncharacterized protein HI_0227 => putative protein
[08:56:26] Modify product: Probable lipoprotein YiaD => putative lipoprotein YiaD
[08:56:26] Modify product: Uncharacterized MFS-type transporter YhjX => putative MFS-type transporter YhjX
[08:56:26] Modify product: Probable cyclic di-GMP phosphodiesterase PdeK => putative cyclic di-GMP phosphodiesterase PdeK
[08:56:26] Modify product: Uncharacterized protein HI_0933 => putative protein
[08:56:26] Modify product: Uncharacterized MFS-type transporter YhhS => putative MFS-type transporter YhhS
[08:56:26] Modify product: Prophage tail fiber assembly protein homolog TfaE => Prophage tail fiber assembly protein TfaE
[08:56:26] Modify product: Uncharacterized MFS-type transporter YcaD => putative MFS-type transporter YcaD
[08:56:26] Modify product: Probable hydrolase YcaC => putative hydrolase YcaC
[08:56:26] Modify product: UPF0145 protein YbjQ => hypothetical protein
[08:56:26] Modify product: Uncharacterized lipoprotein YbjP => putative lipoprotein YbjP
[08:56:26] Modify product: Uncharacterized protein YbjN => putative protein YbjN
[08:56:26] Modify product: Probable cyclic di-GMP phosphodiesterase PdeI => putative cyclic di-GMP phosphodiesterase PdeI
[08:56:26] Modify product: Uncharacterized ABC transporter ATP-binding protein YbiT => putative ABC transporter ATP-binding protein YbiT
[08:56:26] Modify product: Probable L,D-transpeptidase YbiS => putative L,D-transpeptidase YbiS
[08:56:26] Modify product: Uncharacterized protein McbA => putative protein McbA
[08:56:26] Modify product: PKHD-type hydroxylase Sbal_3634 => PKHD-type hydroxylase
[08:56:26] Modify product: Uncharacterized protein YbiI => putative protein YbiI
[08:56:26] Modify product: Uncharacterized protein YbiB => putative protein YbiB
[08:56:26] Modify product: UPF0194 membrane protein YbhG => hypothetical protein
[08:56:26] Modify product: Probable multidrug ABC transporter ATP-binding protein YbhF => putative multidrug ABC transporter ATP-binding protein YbhF
[08:56:26] Modify product: Probable multidrug ABC transporter permease YbhS => putative multidrug ABC transporter permease YbhS
[08:56:26] Modify product: Probable multidrug ABC transporter permease YbhR => putative multidrug ABC transporter permease YbhR
[08:56:26] Modify product: UPF0098 protein YbhB => hypothetical protein
[08:56:26] Modify product: Uncharacterized zinc-type alcohol dehydrogenase-like protein YjmD => putative zinc-type alcohol dehydrogenase-like protein YjmD
[08:56:26] Modify product: GTP cyclohydrolase 1 type 2 homolog => GTP cyclohydrolase 1 type 2 
[08:56:26] Modify product: Uncharacterized protein YbfE => putative protein YbfE
[08:56:26] Modify product: Uncharacterized lipoprotein ChiQ => putative lipoprotein ChiQ
[08:56:26] Modify product: UPF0053 inner membrane protein YgdQ => hypothetical protein
[08:56:26] Modify product: UPF0053 inner membrane protein YtfL => hypothetical protein
[08:56:26] Modify product: Uncharacterized protein YtfJ => putative protein YtfJ
[08:56:26] Modify product: Probable L-ascorbate-6-phosphate lactonase UlaG => putative L-ascorbate-6-phosphate lactonase UlaG
[08:56:26] Modify product: UPF0719 inner membrane protein YjfL => hypothetical protein
[08:56:26] Modify product: UPF0716 protein FxsA => hypothetical protein
[08:56:26] Modify product: Probable cadaverine/lysine antiporter => putative cadaverine/lysine antiporter
[08:56:26] Modify product: Uncharacterized protein YjdJ => putative protein YjdJ
[08:56:26] Modify product: Probable fimbrial chaperone YraI => putative fimbrial chaperone YraI
[08:56:26] Modify product: Uncharacterized protein YjdJ => putative protein YjdJ
[08:56:26] Modify product: Probable transcriptional regulator PhnF => putative transcriptional regulator PhnF
[08:56:26] Modify product: Probable D,D-dipeptide-binding periplasmic protein DdpA => putative D,D-dipeptide-binding periplasmic protein DdpA
[08:56:26] Modify product: Probable D,D-dipeptide transport system permease protein DdpC => putative D,D-dipeptide transport system permease protein DdpC
[08:56:26] Modify product: Uncharacterized ferredoxin-like protein YdhX => putative ferredoxin-like protein YdhX
[08:56:26] Modify product: Probable cyclic di-GMP phosphodiesterase PdeC => putative cyclic di-GMP phosphodiesterase PdeC
[08:56:26] Modify product: Uncharacterized protein YjbR => putative protein YjbR
[08:56:26] Modify product: UPF0337 protein YjbJ => hypothetical protein
[08:56:26] Modify product: Uncharacterized lipoprotein GfcB => putative lipoprotein GfcB
[08:56:26] Modify product: Uncharacterized protein HI_0431 => putative protein
[08:56:26] Cleaned 355 /product names
[08:56:26] Deleting unwanted file: /Users/alopatki/Documents/MATLAB/sucA_test/ecoli_fastas//prokka/prokka_CP020116.1.sprot.tmp.81098.faa
[08:56:26] Deleting unwanted file: /Users/alopatki/Documents/MATLAB/sucA_test/ecoli_fastas//prokka/prokka_CP020116.1.sprot.tmp.81098.blast
[08:56:27] There are still 1094 unannotated CDS left (started with 4660)
[08:56:27] Will use hmmer3 to search against /Users/alopatki/anaconda3/envs/prokka_env/db/hmm/HAMAP.hmm with 8 CPUs
[08:56:27] Running: cat \/Users\/alopatki\/Documents\/MATLAB\/sucA_test\/ecoli_fastas\/\/prokka\/prokka_CP020116\.1\.HAMAP\.hmm\.tmp\.81098\.faa | parallel --gnu --plain -j 8 --block 18027 --recstart '>' --pipe hmmscan --noali --notextw --acc -E 1e-09 --cpu 1 /Users/alopatki/anaconda3/envs/prokka_env/db/hmm/HAMAP.hmm /dev/stdin > \/Users\/alopatki\/Documents\/MATLAB\/sucA_test\/ecoli_fastas\/\/prokka\/prokka_CP020116\.1\.HAMAP\.hmm\.tmp\.81098\.hmmer3 2> /dev/null
[08:56:39] Modify product: Uncharacterized Nudix hydrolase NudL => putative Nudix hydrolase NudL
[08:56:39] Cleaned 1 /product names
[08:56:39] Deleting unwanted file: /Users/alopatki/Documents/MATLAB/sucA_test/ecoli_fastas//prokka/prokka_CP020116.1.HAMAP.hmm.tmp.81098.faa
[08:56:39] Deleting unwanted file: /Users/alopatki/Documents/MATLAB/sucA_test/ecoli_fastas//prokka/prokka_CP020116.1.HAMAP.hmm.tmp.81098.hmmer3
[08:56:39] Labelling remaining 1013 proteins as 'hypothetical protein'
[08:56:39] Possible /pseudo 'IS3 family transposase ISEc52' at CP020116.1 position 317921
[08:56:39] Possible /pseudo 'IS3 family transposase ISKpn38' at CP020116.1 position 561105
[08:56:39] Possible /pseudo 'Pap fimbrial major pilin protein' at CP020116.1 position 586552
[08:56:39] Possible /pseudo 'Energy-coupling factor transporter ATP-binding protein EcfA1' at CP020116.1 position 631315
[08:56:39] Possible /pseudo 'PTS system galactitol-specific EIIC component' at CP020116.1 position 1503213
[08:56:39] Possible /pseudo 'Membrane-associated protein UidC' at CP020116.1 position 2062748
[08:56:39] Possible /pseudo 'putative dimethyl sulfoxide reductase chain YnfF' at CP020116.1 position 2093048
[08:56:39] Possible /pseudo 'Formate dehydrogenase, nitrate-inducible, major subunit' at CP020116.1 position 2159425
[08:56:39] Possible /pseudo 'IS3 family transposase ISEc24' at CP020116.1 position 2448809
[08:56:39] Possible /pseudo 'Manganese transport system membrane protein MntB' at CP020116.1 position 2524929
[08:56:39] Possible /pseudo 'Cold shock-like protein CspG' at CP020116.1 position 2708517
[08:56:39] Possible /pseudo 'Hydroxycarboxylate dehydrogenase B' at CP020116.1 position 2979508
[08:56:39] Possible /pseudo 'Toxic protein HokE' at CP020116.1 position 3216905
[08:56:39] Possible /pseudo 'Acyl-CoA thioesterase 2' at CP020116.1 position 3324791
[08:56:39] Possible /pseudo 'HTH-type transcriptional regulator PgrR' at CP020116.1 position 3486855
[08:56:39] Possible /pseudo 'Colicin-E7 immunity protein' at CP020116.1 position 3693806
[08:56:39] Possible /pseudo 'Colicin-E7 immunity protein' at CP020116.1 position 3694505
[08:56:39] Possible /pseudo 'Colicin-E7 immunity protein' at CP020116.1 position 3695203
[08:56:39] Possible /pseudo 'IS3 family transposase ISEc52' at CP020116.1 position 3929806
[08:56:39] Possible /pseudo 'IS3 family transposase ISEc52' at CP020116.1 position 3951523
[08:56:39] Possible /pseudo 'Bifunctional NAD(P)H-hydrate repair enzyme Nnr' at CP020116.1 position 4123149
[08:56:39] Possible /pseudo 'Formate dehydrogenase H' at CP020116.1 position 4231991
[08:56:39] Possible /pseudo 'Formate dehydrogenase-O major subunit' at CP020116.1 position 4471810
[08:56:39] Possible /pseudo 'Small toxic polypeptide LdrD' at CP020116.1 position 4877459
[08:56:39] Possible /pseudo 'Small toxic polypeptide LdrD' at CP020116.1 position 4877942
[08:56:39] Found 3110 unique /gene codes.
[08:56:39] Fixed 2 duplicate /gene - nnr_1 nnr_2
[08:56:39] Fixed 2 duplicate /gene - yphB_1 yphB_2
[08:56:39] Fixed 2 duplicate /gene - aspT_1 aspT_2
[08:56:39] Fixed 2 duplicate /gene - fabH_1 fabH_2
[08:56:39] Fixed 2 duplicate /gene - ulaA_1 ulaA_2
[08:56:39] Fixed 3 duplicate /gene - lexA_1 lexA_2 lexA_3
[08:56:39] Fixed 2 duplicate /gene - fimF_1 fimF_2
[08:56:39] Fixed 2 duplicate /gene - ybhI_1 ybhI_2
[08:56:39] Fixed 2 duplicate /gene - nanC_1 nanC_2
[08:56:39] Fixed 2 duplicate /gene - nanK_1 nanK_2
[08:56:39] Fixed 2 duplicate /gene - fdhF_1 fdhF_2
[08:56:39] Fixed 2 duplicate /gene - flgL_1 flgL_2
[08:56:39] Fixed 2 duplicate /gene - mshA_1 mshA_2
[08:56:39] Fixed 2 duplicate /gene - ccmF_1 ccmF_2
[08:56:39] Fixed 3 duplicate /gene - era_1 era_2 era_3
[08:56:39] Fixed 2 duplicate /gene - mepS_1 mepS_2
[08:56:39] Fixed 2 duplicate /gene - hin_1 hin_2
[08:56:39] Fixed 3 duplicate /gene - fixB_1 fixB_2 fixB_3
[08:56:39] Fixed 2 duplicate /gene - flgB_1 flgB_2
[08:56:39] Fixed 2 duplicate /gene - malX_1 malX_2
[08:56:39] Fixed 2 duplicate /gene - frwD_1 frwD_2
[08:56:39] Fixed 2 duplicate /gene - fliI_1 fliI_2
[08:56:39] Fixed 2 duplicate /gene - uidB_1 uidB_2
[08:56:39] Fixed 2 duplicate /gene - sorC_1 sorC_2
[08:56:39] Fixed 2 duplicate /gene - cutD_1 cutD_2
[08:56:39] Fixed 2 duplicate /gene - btuF_1 btuF_2
[08:56:39] Fixed 2 duplicate /gene - tdh_1 tdh_2
[08:56:39] Fixed 2 duplicate /gene - argE_1 argE_2
[08:56:39] Fixed 2 duplicate /gene - ecfA1_1 ecfA1_2
[08:56:39] Fixed 2 duplicate /gene - acrB_1 acrB_2
[08:56:39] Fixed 2 duplicate /gene - sorB_1 sorB_2
[08:56:39] Fixed 2 duplicate /gene - hmuU_1 hmuU_2
[08:56:39] Fixed 2 duplicate /gene - dctM_1 dctM_2
[08:56:39] Fixed 2 duplicate /gene - mngR_1 mngR_2
[08:56:39] Fixed 3 duplicate /gene - por_1 por_2 por_3
[08:56:39] Fixed 4 duplicate /gene - hyfA_1 hyfA_2 hyfA_3 hyfA_4
[08:56:39] Fixed 2 duplicate /gene - exuT_1 exuT_2
[08:56:39] Fixed 2 duplicate /gene - tktA_1 tktA_2
[08:56:39] Fixed 2 duplicate /gene - fliP_1 fliP_2
[08:56:39] Fixed 2 duplicate /gene - leuC_1 leuC_2
[08:56:39] Fixed 2 duplicate /gene - yggP_1 yggP_2
[08:56:39] Fixed 2 duplicate /gene - betI_1 betI_2
[08:56:39] Fixed 2 duplicate /gene - glpG_1 glpG_2
[08:56:39] Fixed 2 duplicate /gene - lptB_1 lptB_2
[08:56:39] Fixed 3 duplicate /gene - hdfR_1 hdfR_2 hdfR_3
[08:56:39] Fixed 2 duplicate /gene - flgG_1 flgG_2
[08:56:39] Fixed 2 duplicate /gene - glmU_1 glmU_2
[08:56:39] Fixed 2 duplicate /gene - acpP_1 acpP_2
[08:56:39] Fixed 6 duplicate /gene - srlR_1 srlR_2 srlR_3 srlR_4 srlR_5 srlR_6
[08:56:39] Fixed 2 duplicate /gene - sucC_1 sucC_2
[08:56:39] Fixed 2 duplicate /gene - rutB_1 rutB_2
[08:56:39] Fixed 2 duplicate /gene - fliG_1 fliG_2
[08:56:39] Fixed 2 duplicate /gene - fucP_1 fucP_2
[08:56:39] Fixed 2 duplicate /gene - ampG_1 ampG_2
[08:56:39] Fixed 2 duplicate /gene - prfA_1 prfA_2
[08:56:39] Fixed 4 duplicate /gene - rbsA_1 rbsA_2 rbsA_3 rbsA_4
[08:56:39] Fixed 3 duplicate /gene - dapA_1 dapA_2 dapA_3
[08:56:39] Fixed 2 duplicate /gene - fliD_1 fliD_2
[08:56:39] Fixed 2 duplicate /gene - pncC_1 pncC_2
[08:56:39] Fixed 2 duplicate /gene - lutA_1 lutA_2
[08:56:39] Fixed 2 duplicate /gene - sucA_1 sucA_2
[08:56:39] Fixed 2 duplicate /gene - acs_1 acs_2
[08:56:39] Fixed 2 duplicate /gene - emrA_1 emrA_2
[08:56:39] Fixed 2 duplicate /gene - osmY_1 osmY_2
[08:56:39] Fixed 2 duplicate /gene - nagB_1 nagB_2
[08:56:39] Fixed 2 duplicate /gene - ydiF_1 ydiF_2
[08:56:39] Fixed 2 duplicate /gene - ybdM_1 ybdM_2
[08:56:39] Fixed 2 duplicate /gene - yhaJ_1 yhaJ_2
[08:56:39] Fixed 4 duplicate /gene - rbsC_1 rbsC_2 rbsC_3 rbsC_4
[08:56:39] Fixed 2 duplicate /gene - emrB_1 emrB_2
[08:56:39] Fixed 2 duplicate /gene - hflC_1 hflC_2
[08:56:39] Fixed 2 duplicate /gene - hcxB_1 hcxB_2
[08:56:39] Fixed 4 duplicate /gene - imm_1 imm_2 imm_3 imm_4
[08:56:39] Fixed 2 duplicate /gene - siaM_1 siaM_2
[08:56:39] Fixed 2 duplicate /gene - fdnH_1 fdnH_2
[08:56:39] Fixed 2 duplicate /gene - rhlE_1 rhlE_2
[08:56:39] Fixed 2 duplicate /gene - mntH_1 mntH_2
[08:56:39] Fixed 2 duplicate /gene - bioF_1 bioF_2
[08:56:39] Fixed 3 duplicate /gene - deoR_1 deoR_2 deoR_3
[08:56:39] Fixed 2 duplicate /gene - sucD_1 sucD_2
[08:56:39] Fixed 2 duplicate /gene - tesB_1 tesB_2
[08:56:39] Fixed 3 duplicate /gene - cirA_1 cirA_2 cirA_3
[08:56:39] Fixed 2 duplicate /gene - trmH_1 trmH_2
[08:56:39] Fixed 2 duplicate /gene - rusA_1 rusA_2
[08:56:39] Fixed 2 duplicate /gene - dnaK_1 dnaK_2
[08:56:39] Fixed 2 duplicate /gene - bcr_1 bcr_2
[08:56:39] Fixed 2 duplicate /gene - xdhA_1 xdhA_2
[08:56:39] Fixed 2 duplicate /gene - nanM_1 nanM_2
[08:56:39] Fixed 2 duplicate /gene - cysE_1 cysE_2
[08:56:39] Fixed 2 duplicate /gene - ytfJ_1 ytfJ_2
[08:56:39] Fixed 2 duplicate /gene - papC_1 papC_2
[08:56:39] Fixed 4 duplicate /gene - arcC1_1 arcC1_2 arcC1_3 arcC1_4
[08:56:39] Fixed 2 duplicate /gene - rlhA_1 rlhA_2
[08:56:39] Fixed 2 duplicate /gene - fryB_1 fryB_2
[08:56:39] Fixed 2 duplicate /gene - dnaB_1 dnaB_2
[08:56:39] Fixed 2 duplicate /gene - uxaA_1 uxaA_2
[08:56:39] Fixed 3 duplicate /gene - mntB_1 mntB_2 mntB_3
[08:56:39] Fixed 4 duplicate /gene - dmlR_1 dmlR_2 dmlR_3 dmlR_4
[08:56:39] Fixed 2 duplicate /gene - ybcO_1 ybcO_2
[08:56:39] Fixed 3 duplicate /gene - cbtA_1 cbtA_2 cbtA_3
[08:56:39] Fixed 2 duplicate /gene - norR_1 norR_2
[08:56:39] Fixed 2 duplicate /gene - dapH_1 dapH_2
[08:56:39] Fixed 2 duplicate /gene - papA_1 papA_2
[08:56:39] Fixed 2 duplicate /gene - ydgA_1 ydgA_2
[08:56:39] Fixed 4 duplicate /gene - rhaR_1 rhaR_2 rhaR_3 rhaR_4
[08:56:39] Fixed 3 duplicate /gene - intA_1 intA_2 intA_3
[08:56:39] Fixed 2 duplicate /gene - pal_1 pal_2
[08:56:39] Fixed 3 duplicate /gene - arnC_1 arnC_2 arnC_3
[08:56:39] Fixed 3 duplicate /gene - hokE_1 hokE_2 hokE_3
[08:56:39] Fixed 2 duplicate /gene - kduD_1 kduD_2
[08:56:39] Fixed 2 duplicate /gene - fimG_1 fimG_2
[08:56:39] Fixed 2 duplicate /gene - nanA_1 nanA_2
[08:56:39] Fixed 2 duplicate /gene - hcpA_1 hcpA_2
[08:56:39] Fixed 2 duplicate /gene - ttdT_1 ttdT_2
[08:56:39] Fixed 2 duplicate /gene - rhtC_1 rhtC_2
[08:56:39] Fixed 2 duplicate /gene - fimH_1 fimH_2
[08:56:39] Fixed 2 duplicate /gene - nimR_1 nimR_2
[08:56:39] Fixed 2 duplicate /gene - ydhX_1 ydhX_2
[08:56:39] Fixed 3 duplicate /gene - gatB_1 gatB_2 gatB_3
[08:56:39] Fixed 2 duplicate /gene - tabA_1 tabA_2
[08:56:39] Fixed 2 duplicate /gene - sbmC_1 sbmC_2
[08:56:39] Fixed 3 duplicate /gene - oleD_1 oleD_2 oleD_3
[08:56:39] Fixed 2 duplicate /gene - nlpD_1 nlpD_2
[08:56:39] Fixed 2 duplicate /gene - pspB_1 pspB_2
[08:56:39] Fixed 2 duplicate /gene - xylB_1 xylB_2
[08:56:39] Fixed 2 duplicate /gene - carA_1 carA_2
[08:56:39] Fixed 3 duplicate /gene - kbaY_1 kbaY_2 kbaY_3
[08:56:39] Fixed 2 duplicate /gene - kdgR_1 kdgR_2
[08:56:39] Fixed 2 duplicate /gene - flgH_1 flgH_2
[08:56:39] Fixed 2 duplicate /gene - dppB_1 dppB_2
[08:56:39] Fixed 3 duplicate /gene - fixX_1 fixX_2 fixX_3
[08:56:39] Fixed 2 duplicate /gene - hcaR_1 hcaR_2
[08:56:39] Fixed 2 duplicate /gene - acrR_1 acrR_2
[08:56:39] Fixed 2 duplicate /gene - cytR_1 cytR_2
[08:56:39] Fixed 2 duplicate /gene - flgI_1 flgI_2
[08:56:39] Fixed 2 duplicate /gene - lptG_1 lptG_2
[08:56:39] Fixed 2 duplicate /gene - ydjF_1 ydjF_2
[08:56:39] Fixed 2 duplicate /gene - nadR_1 nadR_2
[08:56:39] Fixed 2 duplicate /gene - rbsK_1 rbsK_2
[08:56:39] Fixed 2 duplicate /gene - php_1 php_2
[08:56:39] Fixed 2 duplicate /gene - glcR_1 glcR_2
[08:56:39] Fixed 2 duplicate /gene - topA_1 topA_2
[08:56:39] Fixed 2 duplicate /gene - cspG_1 cspG_2
[08:56:39] Fixed 2 duplicate /gene - tmk_1 tmk_2
[08:56:39] Fixed 2 duplicate /gene - mglA_1 mglA_2
[08:56:39] Fixed 5 duplicate /gene - rhaS_1 rhaS_2 rhaS_3 rhaS_4 rhaS_5
[08:56:39] Fixed 3 duplicate /gene - ydcV_1 ydcV_2 ydcV_3
[08:56:39] Fixed 3 duplicate /gene - ldrD_1 ldrD_2 ldrD_3
[08:56:39] Fixed 2 duplicate /gene - aaeA_1 aaeA_2
[08:56:39] Fixed 2 duplicate /gene - fixA_1 fixA_2
[08:56:39] Fixed 2 duplicate /gene - ftsA_1 ftsA_2
[08:56:39] Fixed 3 duplicate /gene - fdrA_1 fdrA_2 fdrA_3
[08:56:39] Fixed 2 duplicate /gene - malY_1 malY_2
[08:56:39] Fixed 2 duplicate /gene - icd_1 icd_2
[08:56:39] Fixed 2 duplicate /gene - sgrR_1 sgrR_2
[08:56:39] Fixed 2 duplicate /gene - ugd_1 ugd_2
[08:56:39] Fixed 3 duplicate /gene - nanR_1 nanR_2 nanR_3
[08:56:39] Fixed 2 duplicate /gene - gadX_1 gadX_2
[08:56:39] Fixed 2 duplicate /gene - dgoK1_1 dgoK1_2
[08:56:39] Fixed 2 duplicate /gene - melR_1 melR_2
[08:56:39] Fixed 2 duplicate /gene - epsF_1 epsF_2
[08:56:39] Fixed 3 duplicate /gene - flu_1 flu_2 flu_3
[08:56:39] Fixed 2 duplicate /gene - msbA_1 msbA_2
[08:56:39] Fixed 2 duplicate /gene - ynfF_1 ynfF_2
[08:56:39] Fixed 2 duplicate /gene - agaC_1 agaC_2
[08:56:39] Fixed 2 duplicate /gene - lutR_1 lutR_2
[08:56:39] Fixed 3 duplicate /gene - klcA_1 klcA_2 klcA_3
[08:56:39] Fixed 2 duplicate /gene - ydjE_1 ydjE_2
[08:56:39] Fixed 2 duplicate /gene - ygdR_1 ygdR_2
[08:56:39] Fixed 2 duplicate /gene - artM_1 artM_2
[08:56:39] Fixed 2 duplicate /gene - fliF_1 fliF_2
[08:56:39] Fixed 2 duplicate /gene - kdgK_1 kdgK_2
[08:56:39] Fixed 2 duplicate /gene - fryA_1 fryA_2
[08:56:39] Fixed 2 duplicate /gene - aaeB_1 aaeB_2
[08:56:39] Fixed 3 duplicate /gene - pdhR_1 pdhR_2 pdhR_3
[08:56:39] Fixed 2 duplicate /gene - lgoD_1 lgoD_2
[08:56:39] Fixed 2 duplicate /gene - btuB_1 btuB_2
[08:56:39] Fixed 2 duplicate /gene - mtlA_1 mtlA_2
[08:56:39] Fixed 3 duplicate /gene - bhsA_1 bhsA_2 bhsA_3
[08:56:39] Fixed 2 duplicate /gene - mltF_1 mltF_2
[08:56:39] Fixed 2 duplicate /gene - fimC_1 fimC_2
[08:56:39] Fixed 2 duplicate /gene - dmsC_1 dmsC_2
[08:56:39] Fixed 2 duplicate /gene - ptsG_1 ptsG_2
[08:56:39] Fixed 2 duplicate /gene - rhmR_1 rhmR_2
[08:56:39] Fixed 3 duplicate /gene - xerC_1 xerC_2 xerC_3
[08:56:39] Fixed 2 duplicate /gene - flgC_1 flgC_2
[08:56:39] Fixed 3 duplicate /gene - rbsB_1 rbsB_2 rbsB_3
[08:56:39] Fixed 2 duplicate /gene - bioD1_1 bioD1_2
[08:56:39] Fixed 2 duplicate /gene - malP_1 malP_2
[08:56:39] Fixed 3 duplicate /gene - cbeA_1 cbeA_2 cbeA_3
[08:56:39] Fixed 2 duplicate /gene - cusC_1 cusC_2
[08:56:39] Fixed 2 duplicate /gene - dppD_1 dppD_2
[08:56:39] Fixed 2 duplicate /gene - chuR_1 chuR_2
[08:56:39] Fixed 2 duplicate /gene - pitA_1 pitA_2
[08:56:39] Fixed 2 duplicate /gene - fdoG_1 fdoG_2
[08:56:39] Fixed 2 duplicate /gene - prs_1 prs_2
[08:56:39] Fixed 2 duplicate /gene - dlsT_1 dlsT_2
[08:56:39] Fixed 2 duplicate /gene - ulaE_1 ulaE_2
[08:56:39] Fixed 3 duplicate /gene - btuD_1 btuD_2 btuD_3
[08:56:39] Fixed 2 duplicate /gene - COQ5_1 COQ5_2
[08:56:39] Fixed 2 duplicate /gene - kdsD_1 kdsD_2
[08:56:39] Fixed 2 duplicate /gene - leuO_1 leuO_2
[08:56:39] Fixed 2 duplicate /gene - ydjZ_1 ydjZ_2
[08:56:39] Fixed 2 duplicate /gene - fdnG_1 fdnG_2
[08:56:39] Fixed 3 duplicate /gene - fabG_1 fabG_2 fabG_3
[08:56:39] Fixed 2 duplicate /gene - oppF_1 oppF_2
[08:56:39] Fixed 3 duplicate /gene - ygcS_1 ygcS_2 ygcS_3
[08:56:39] Fixed 2 duplicate /gene - fliE_1 fliE_2
[08:56:39] Fixed 2 duplicate /gene - proA_1 proA_2
[08:56:39] Fixed 2 duplicate /gene - ssuC_1 ssuC_2
[08:56:39] Fixed 3 duplicate /gene - yahB_1 yahB_2 yahB_3
[08:56:39] Fixed 3 duplicate /gene - manZ_1 manZ_2 manZ_3
[08:56:39] Fixed 2 duplicate /gene - nanT_1 nanT_2
[08:56:39] Fixed 2 duplicate /gene - pdxA2_1 pdxA2_2
[08:56:39] Fixed 2 duplicate /gene - codB_1 codB_2
[08:56:39] Fixed 2 duplicate /gene - cntO_1 cntO_2
[08:56:39] Fixed 2 duplicate /gene - caiA_1 caiA_2
[08:56:39] Fixed 2 duplicate /gene - manX_1 manX_2
[08:56:39] Fixed 2 duplicate /gene - fepC_1 fepC_2
[08:56:39] Fixed 3 duplicate /gene - fruA_1 fruA_2 fruA_3
[08:56:39] Fixed 2 duplicate /gene - garD_1 garD_2
[08:56:39] Fixed 2 duplicate /gene - ompX_1 ompX_2
[08:56:39] Fixed 2 duplicate /gene - fliR_1 fliR_2
[08:56:39] Fixed 2 duplicate /gene - yvgN_1 yvgN_2
[08:56:39] Fixed 2 duplicate /gene - flgF_1 flgF_2
[08:56:39] Fixed 2 duplicate /gene - yjdJ_1 yjdJ_2
[08:56:39] Fixed 2 duplicate /gene - higA_1 higA_2
[08:56:39] Fixed 2 duplicate /gene - yjmD_1 yjmD_2
[08:56:39] Fixed 2 duplicate /gene - sapB_1 sapB_2
[08:56:39] Fixed 2 duplicate /gene - fliS_1 fliS_2
[08:56:39] Fixed 2 duplicate /gene - yhhT_1 yhhT_2
[08:56:39] Fixed 2 duplicate /gene - sucB_1 sucB_2
[08:56:39] Fixed 2 duplicate /gene - abaF_1 abaF_2
[08:56:39] Fixed 2 duplicate /gene - uidC_1 uidC_2
[08:56:39] Fixed 2 duplicate /gene - nanS_1 nanS_2
[08:56:39] Fixed 2 duplicate /gene - dgoA_1 dgoA_2
[08:56:39] Fixed 2 duplicate /gene - yrdA_1 yrdA_2
[08:56:39] Fixed 2 duplicate /gene - flgE_1 flgE_2
[08:56:39] Fixed 2 duplicate /gene - fbaA_1 fbaA_2
[08:56:39] Fixed 2 duplicate /gene - mdh_1 mdh_2
[08:56:39] Fixed 2 duplicate /gene - gatY_1 gatY_2
[08:56:39] Fixed 2 duplicate /gene - lolD_1 lolD_2
[08:56:39] Fixed 2 duplicate /gene - mlc_1 mlc_2
[08:56:39] Fixed 2 duplicate /gene - RBKS_1 RBKS_2
[08:56:39] Fixed 2 duplicate /gene - dadA_1 dadA_2
[08:56:39] Fixed 2 duplicate /gene - slp_1 slp_2
[08:56:39] Fixed 4 duplicate /gene - gatC_1 gatC_2 gatC_3 gatC_4
[08:56:39] Fixed 2 duplicate /gene - psuK_1 psuK_2
[08:56:39] Fixed 3 duplicate /gene - fimD_1 fimD_2 fimD_3
[08:56:39] Fixed 2 duplicate /gene - lapB_1 lapB_2
[08:56:39] Fixed 2 duplicate /gene - cra_1 cra_2
[08:56:39] Fixed 2 duplicate /gene - rob_1 rob_2
[08:56:39] Fixed 2 duplicate /gene - ycjY_1 ycjY_2
[08:56:39] Fixed 2 duplicate /gene - mak_1 mak_2
[08:56:39] Fixed 2 duplicate /gene - yicJ_1 yicJ_2
[08:56:39] Fixed 2 duplicate /gene - deoB_1 deoB_2
[08:56:39] Fixed 3 duplicate /gene - glnQ_1 glnQ_2 glnQ_3
[08:56:39] Fixed 2 duplicate /gene - flhA_1 flhA_2
[08:56:39] Fixed 2 duplicate /gene - cutC_1 cutC_2
[08:56:39] Fixed 2 duplicate /gene - flhB_1 flhB_2
[08:56:39] Fixed 3 duplicate /gene - oxyR_1 oxyR_2 oxyR_3
[08:56:39] Fixed 2 duplicate /gene - gspK_1 gspK_2
[08:56:39] Fixed 2 duplicate /gene - crfC_1 crfC_2
[08:56:39] Fixed 2 duplicate /gene - ftnA_1 ftnA_2
[08:56:39] Fixed 2 duplicate /gene - yfcS_1 yfcS_2
[08:56:39] Fixed 2 duplicate /gene - dmsB_1 dmsB_2
[08:56:39] Fixed 2 duplicate /gene - yohK_1 yohK_2
[08:56:39] Fixed 2 duplicate /gene - nadC_1 nadC_2
[08:56:39] Fixed 2 duplicate /gene - ompA_1 ompA_2
[08:56:39] Fixed 2 duplicate /gene - ccmH_1 ccmH_2
[08:56:39] Fixed 2 duplicate /gene - coaA_1 coaA_2
[08:56:39] Fixed 2 duplicate /gene - kefC_1 kefC_2
[08:56:39] Fixed 2 duplicate /gene - lldR_1 lldR_2
[08:56:39] Fixed 2 duplicate /gene - ubiJ_1 ubiJ_2
[08:56:39] Fixed 3 duplicate /gene - potA_1 potA_2 potA_3
[08:56:39] Fixed 2 duplicate /gene - rpe_1 rpe_2
[08:56:39] Fixed 2 duplicate /gene - fucA_1 fucA_2
[08:56:39] Fixed 2 duplicate /gene - aes_1 aes_2
[08:56:39] Fixed 2 duplicate /gene - narL_1 narL_2
[08:56:39] Fixed 2 duplicate /gene - crt_1 crt_2
[08:56:39] Fixed 2 duplicate /gene - dnaC_1 dnaC_2
[08:56:39] Fixed 3 duplicate /gene - pgrR_1 pgrR_2 pgrR_3
[08:56:39] Fixed 2 duplicate /gene - kgtP_1 kgtP_2
[08:56:39] Fixed 283 colliding /gene names.
[08:56:39] Adding /locus_tag identifiers
[08:56:39] Assigned 4770 locus_tags to CDS and RNA features.
[08:56:39] Writing outputs to /Users/alopatki/Documents/MATLAB/sucA_test/ecoli_fastas//prokka/
[08:56:41] Generating annotation statistics file
[08:56:41] Generating Genbank and Sequin files
[08:56:41] Running: tbl2asn -V b -a r10k -l paired-ends -M n -N 1 -y 'Annotated using prokka 1.14.6 from https://github.com/tseemann/prokka' -Z \/Users\/alopatki\/Documents\/MATLAB\/sucA_test\/ecoli_fastas\/\/prokka\/prokka_CP020116\.1\.err -i \/Users\/alopatki\/Documents\/MATLAB\/sucA_test\/ecoli_fastas\/\/prokka\/prokka_CP020116\.1\.fsa 2> /dev/null
[08:56:49] Could not run command: tbl2asn -V b -a r10k -l paired-ends -M n -N 1 -y 'Annotated using prokka 1.14.6 from https://github.com/tseemann/prokka' -Z \/Users\/alopatki\/Documents\/MATLAB\/sucA_test\/ecoli_fastas\/\/prokka\/prokka_CP020116\.1\.err -i \/Users\/alopatki\/Documents\/MATLAB\/sucA_test\/ecoli_fastas\/\/prokka\/prokka_CP020116\.1\.fsa 2> /dev/null
