[08:52:37] This is prokka 1.14.6
[08:52:37] Written by Torsten Seemann <torsten.seemann@gmail.com>
[08:52:37] Homepage is https://github.com/tseemann/prokka
[08:52:37] Local time is Mon Aug 24 08:52:37 2020
[08:52:37] You are alopatki
[08:52:37] Operating system is darwin
[08:52:37] You have BioPerl 1.007002
[08:52:37] System has 8 cores.
[08:52:37] Will use maximum of 8 cores.
[08:52:37] Annotating as >>> Bacteria <<<
[08:52:37] Generating locus_tag from '/Users/alopatki/Documents/MATLAB/sucA_test/ecoli_fastas/CP020055.1.fasta' contents.
[08:52:37] Setting --locustag GKLDPBFD from MD5 045d9bfdec2075873646d9f03b937bf9
[08:52:37] Re-using existing --outdir /Users/alopatki/Documents/MATLAB/sucA_test/ecoli_fastas//prokka
[08:52:37] Using filename prefix: prokka_CP020055.1.XXX
[08:52:37] Setting HMMER_NCPU=1
[08:52:37] Writing log to: /Users/alopatki/Documents/MATLAB/sucA_test/ecoli_fastas//prokka/prokka_CP020055.1.log
[08:52:37] Command: /Users/alopatki/anaconda3/envs/prokka_env/bin/prokka --kingdom Bacteria --outdir /Users/alopatki/Documents/MATLAB/sucA_test/ecoli_fastas//prokka --prefix prokka_CP020055.1 --force --genus Escherichia /Users/alopatki/Documents/MATLAB/sucA_test/ecoli_fastas/CP020055.1.fasta
[08:52:37] Appending to PATH: /Users/alopatki/anaconda3/envs/prokka_env/bin
[08:52:37] Looking for 'aragorn' - found /Users/alopatki/anaconda3/envs/prokka_env/bin/aragorn
[08:52:37] Determined aragorn version is 001002 from 'ARAGORN v1.2.38 Dean Laslett'
[08:52:37] Looking for 'barrnap' - found /Users/alopatki/anaconda3/envs/prokka_env/bin/barrnap
[08:52:37] Determined barrnap version is 000009 from 'barrnap 0.9'
[08:52:37] Looking for 'blastp' - found /Users/alopatki/anaconda3/envs/prokka_env/bin/blastp
[08:52:37] Determined blastp version is 002010 from 'blastp: 2.10.1+'
[08:52:37] Looking for 'cmpress' - found /Users/alopatki/anaconda3/envs/prokka_env/bin/cmpress
[08:52:37] Determined cmpress version is 001001 from '# INFERNAL 1.1.2 (July 2016)'
[08:52:37] Looking for 'cmscan' - found /Users/alopatki/anaconda3/envs/prokka_env/bin/cmscan
[08:52:37] Determined cmscan version is 001001 from '# INFERNAL 1.1.2 (July 2016)'
[08:52:37] Looking for 'egrep' - found /usr/bin/egrep
[08:52:37] Looking for 'find' - found /usr/bin/find
[08:52:37] Looking for 'grep' - found /usr/bin/grep
[08:52:37] Looking for 'hmmpress' - found /Users/alopatki/anaconda3/envs/prokka_env/bin/hmmpress
[08:52:37] Determined hmmpress version is 003003 from '# HMMER 3.3 (Nov 2019); http://hmmer.org/'
[08:52:37] Looking for 'hmmscan' - found /Users/alopatki/anaconda3/envs/prokka_env/bin/hmmscan
[08:52:37] Determined hmmscan version is 003003 from '# HMMER 3.3 (Nov 2019); http://hmmer.org/'
[08:52:37] Looking for 'java' - found /Users/alopatki/anaconda3/envs/prokka_env/bin/java
[08:52:37] Looking for 'makeblastdb' - found /Users/alopatki/anaconda3/envs/prokka_env/bin/makeblastdb
[08:52:37] Determined makeblastdb version is 002010 from 'makeblastdb: 2.10.1+'
[08:52:37] Looking for 'minced' - found /Users/alopatki/anaconda3/envs/prokka_env/bin/minced
[08:52:37] Determined minced version is 004002 from 'minced 0.4.2'
[08:52:37] Looking for 'parallel' - found /Users/alopatki/anaconda3/envs/prokka_env/bin/parallel
[08:52:37] Determined parallel version is 20200722 from 'GNU parallel 20200722'
[08:52:37] Looking for 'prodigal' - found /Users/alopatki/anaconda3/envs/prokka_env/bin/prodigal
[08:52:37] Determined prodigal version is 002006 from 'Prodigal V2.6.3: February, 2016'
[08:52:37] Looking for 'prokka-genbank_to_fasta_db' - found /Users/alopatki/anaconda3/envs/prokka_env/bin/prokka-genbank_to_fasta_db
[08:52:37] Looking for 'sed' - found /usr/bin/sed
[08:52:37] Looking for 'tbl2asn' - found /Users/alopatki/anaconda3/envs/prokka_env/bin/tbl2asn
[08:52:37] Determined tbl2asn version is 025007 from 'tbl2asn 25.7   arguments:'
[08:52:37] Using genetic code table 11.
[08:52:37] Loading and checking input file: /Users/alopatki/Documents/MATLAB/sucA_test/ecoli_fastas/CP020055.1.fasta
[08:52:38] Wrote 1 contigs totalling 4658583 bp.
[08:52:38] Predicting tRNAs and tmRNAs
[08:52:38] Running: aragorn -l -gc11  -w \/Users\/alopatki\/Documents\/MATLAB\/sucA_test\/ecoli_fastas\/\/prokka\/prokka_CP020055\.1\.fna
[08:52:39] 1 tRNA-Leu c[135455,135541] 35 (taa)
[08:52:39] 2 tRNA-Cys c[135554,135627] 33 (gca)
[08:52:39] 3 tRNA-Gly c[135682,135757] 34 (gcc)
[08:52:39] 4 tRNA-Ser c[193500,193589] 35 (cga)
[08:52:39] 5 tRNA-Asn [194581,194656] 34 (gtt)
[08:52:39] 6 tRNA-Asn c[205605,205680] 34 (gtt)
[08:52:39] 7 tRNA-Asn [207429,207504] 34 (gtt)
[08:52:39] 8 tRNA-Asn [209837,209912] 34 (gtt)
[08:52:39] 9 tRNA-Pro [444837,444913] 35 (ggg)
[08:52:39] 10 tRNA-Arg [618576,618650] 34 (cct)
[08:52:39] 11 tRNA-Ala c[661942,662017] 34 (ggc)
[08:52:39] 12 tRNA-Ala c[662057,662132] 34 (ggc)
[08:52:39] 13 tRNA-Val [664832,664907] 34 (tac)
[08:52:39] 14 tRNA-Val [664952,665027] 34 (tac)
[08:52:39] 15 tRNA-Val [665074,665149] 34 (tac)
[08:52:39] 16 tRNA-Lys [665154,665229] 34 (ttt)
[08:52:39] 17 tRNA-Glu c[865054,865129] 35 (ttc)
[08:52:39] 18 tmRNA [891166,891528] 90,125 ANDENYALAA**
[08:52:39] 19 tRNA-Arg c[937896,937972] 35 (acg)
[08:52:39] 20 tRNA-Arg c[938171,938247] 35 (acg)
[08:52:39] 21 tRNA-Arg c[938311,938387] 35 (acg)
[08:52:39] 22 tRNA-Arg [938570,938641] 34 (tcg)
[08:52:39] 23 tRNA-Arg c[938585,938661] 35 (acg)
[08:52:39] 24 tRNA-Ser c[938665,938757] 35 (gct)
[08:52:39] 25 tRNA-Met [1063423,1063499] 35 (cat)
[08:52:39] 26 tRNA-Gly c[1125507,1125580] 33 (ccc)
[08:52:39] 27 tRNA-Phe [1240980,1241055] 34 (gaa)
[08:52:39] 28 tRNA-Met [1367719,1367794] 34 (cat)
[08:52:39] 29 tRNA-Met c[1472889,1472965] 35 (cat)
[08:52:39] 30 tRNA-Leu c[1476747,1476833] 35 (gag)
[08:52:39] 31 tRNA-Thr c[1570949,1571024] 34 (ggt)
[08:52:39] 32 tRNA-Ala c[1574336,1574411] 34 (tgc)
[08:52:39] 33 tRNA-Ile c[1574454,1574530] 35 (gat)
[08:52:39] 34 tRNA-Pro c[1860351,1860427] 35 (cgg)
[08:52:39] 35 tRNA-SeC [1991088,1991182] 35 (tca)
[08:52:39] 36 tRNA-Glu [2103570,2103645] 35 (ttc)
[08:52:39] 37 tRNA-Asp [2107008,2107084] 35 (gtc)
[08:52:39] 38 tRNA-Trp [2107093,2107168] 34 (cca)
[08:52:39] 39 tRNA-Arg [2142454,2142530] 35 (ccg)
[08:52:39] 40 tRNA-His [2142589,2142664] 34 (gtg)
[08:52:39] 41 tRNA-Leu [2142685,2142771] 35 (cag)
[08:52:39] 42 tRNA-Pro [2142814,2142890] 35 (tgg)
[08:52:39] 43 tRNA-Ile [2195358,2195434] 35 (gat)
[08:52:39] 44 tRNA-Ala [2195477,2195552] 34 (tgc)
[08:52:39] 45 tRNA-Glu [2334281,2334356] 35 (ttc)
[08:52:39] 46 tRNA-Thr [2341130,2341205] 34 (tgt)
[08:52:39] 47 tRNA-Tyr [2341214,2341298] 35 (gta)
[08:52:39] 48 tRNA-Gly [2341415,2341489] 34 (tcc)
[08:52:39] 49 tRNA-Thr [2341496,2341571] 34 (ggt)
[08:52:39] 50 tRNA-Glu [2375495,2375570] 35 (ttc)
[08:52:39] 51 tRNA-Phe c[2535959,2536034] 34 (gaa)
[08:52:39] 52 tRNA-Gly [2565764,2565839] 34 (gcc)
[08:52:39] 53 tRNA-Gly [2565997,2566072] 34 (gcc)
[08:52:39] 54 tRNA-Gly [2566108,2566183] 34 (gcc)
[08:52:39] 55 tRNA-Leu [2671238,2671322] 35 (caa)
[08:52:39] 56 tRNA-Leu c[2765972,2766058] 35 (cag)
[08:52:39] 57 tRNA-Leu c[2766092,2766178] 35 (cag)
[08:52:39] 58 tRNA-Leu c[2766207,2766293] 35 (cag)
[08:52:39] 59 tRNA-Ile [3024489,3024565] 35 (gat)
[08:52:39] 60 tRNA-Ala [3024608,3024683] 34 (tgc)
[08:52:39] 61 tRNA-Asp [3028036,3028112] 35 (gtc)
[08:52:39] 62 tRNA-Asp [3036259,3036335] 35 (gtc)
[08:52:39] 63 tRNA-Thr [3068928,3069003] 34 (cgt)
[08:52:39] 64 tRNA-Ser [3136511,3136591] 38 (gga)
[08:52:39] 65 tRNA-Arg [3345207,3345283] 35 (tct)
[08:52:39] 66 tRNA-Gln c[3466255,3466329] 33 (ctg)
[08:52:39] 67 tRNA-Gln c[3466367,3466441] 33 (ctg)
[08:52:39] 68 tRNA-Met c[3466490,3466566] 35 (cat)
[08:52:39] 69 tRNA-Gln c[3466582,3466656] 33 (ttg)
[08:52:39] 70 tRNA-Gln c[3466691,3466765] 33 (ttg)
[08:52:39] 71 tRNA-Leu c[3466789,3466873] 35 (tag)
[08:52:39] 72 tRNA-Met c[3466882,3466958] 35 (cat)
[08:52:39] 73 tRNA-Lys [3547940,3548015] 34 (ttt)
[08:52:39] 74 tRNA-Val [3548151,3548226] 34 (tac)
[08:52:39] 75 tRNA-Lys [3548229,3548304] 34 (ttt)
[08:52:39] 76 tRNA-Val [3548454,3548529] 34 (tac)
[08:52:39] 77 tRNA-Lys [3548533,3548608] 34 (ttt)
[08:52:39] 78 tRNA-Lys [3548755,3548830] 34 (ttt)
[08:52:39] 79 tRNA-Lys [3548864,3548939] 34 (ttt)
[08:52:39] 80 tRNA-Ser c[3693123,3693210] 35 (gga)
[08:52:39] 81 tRNA-Ser c[3799154,3799241] 35 (tga)
[08:52:39] 82 tRNA-Ser c[3936560,3936647] 35 (gga)
[08:52:39] 83 tRNA-Tyr c[4110508,4110592] 35 (gta)
[08:52:39] 84 tRNA-Tyr c[4110627,4110711] 35 (gta)
[08:52:39] 85 tRNA-Met [4155077,4155152] 34 (cat)
[08:52:39] 86 tRNA-Arg [4155253,4155329] 35 (tct)
[08:52:39] 87 tRNA-Val [4558470,4558546] 35 (gac)
[08:52:39] 88 tRNA-Val [4558551,4558627] 35 (gac)
[08:52:39] Found 88 tRNAs
[08:52:39] Predicting Ribosomal RNAs
[08:52:39] Running Barrnap with 8 threads
[08:52:41] 1 CP020055.1 861749 5S ribosomal RNA
[08:52:41] 2 CP020055.1 861958 23S ribosomal RNA
[08:52:41] 3 CP020055.1 865302 16S ribosomal RNA
[08:52:41] 4 CP020055.1 1570797 5S ribosomal RNA
[08:52:41] 5 CP020055.1 1571042 5S ribosomal RNA
[08:52:41] 6 CP020055.1 1571250 23S ribosomal RNA
[08:52:41] 7 CP020055.1 1574600 16S ribosomal RNA
[08:52:41] 8 CP020055.1 2101946 16S ribosomal RNA
[08:52:41] 9 CP020055.1 2103841 23S ribosomal RNA
[08:52:41] 10 CP020055.1 2106840 5S ribosomal RNA
[08:52:41] 11 CP020055.1 2193751 16S ribosomal RNA
[08:52:41] 12 CP020055.1 2195738 23S ribosomal RNA
[08:52:41] 13 CP020055.1 2198737 5S ribosomal RNA
[08:52:41] 14 CP020055.1 2332657 16S ribosomal RNA
[08:52:41] 15 CP020055.1 2334552 23S ribosomal RNA
[08:52:41] 16 CP020055.1 2337551 5S ribosomal RNA
[08:52:41] 17 CP020055.1 2373871 16S ribosomal RNA
[08:52:41] 18 CP020055.1 2375766 23S ribosomal RNA
[08:52:41] 19 CP020055.1 2378765 5S ribosomal RNA
[08:52:41] 20 CP020055.1 3022882 16S ribosomal RNA
[08:52:41] 21 CP020055.1 3024869 23S ribosomal RNA
[08:52:41] 22 CP020055.1 3027868 5S ribosomal RNA
[08:52:41] Found 22 rRNAs
[08:52:41] Skipping ncRNA search, enable with --rfam if desired.
[08:52:41] Total of 109 tRNA + rRNA features
[08:52:41] Searching for CRISPR repeats
[08:52:41] CRISPR1 CP020055.1 999629 with 6 spacers
[08:52:41] CRISPR2 CP020055.1 1020232 with 4 spacers
[08:52:41] Found 2 CRISPRs
[08:52:41] Predicting coding sequences
[08:52:41] Contigs total 4658583 bp, so using single mode
[08:52:41] Running: prodigal -i \/Users\/alopatki\/Documents\/MATLAB\/sucA_test\/ecoli_fastas\/\/prokka\/prokka_CP020055\.1\.fna -c -m -g 11 -p single -f sco -q
[08:52:49] Excluding CDS which overlaps existing RNA (rRNA) at CP020055.1:865401..865655 on - strand
[08:52:50] Excluding CDS which overlaps existing RNA (repeat_region) at CP020055.1:1020228..1020557 on + strand
[08:52:50] Excluding CDS which overlaps existing RNA (tRNA) at CP020055.1:1570872..1571195 on + strand
[08:52:50] Excluding CDS which overlaps existing RNA (rRNA) at CP020055.1:1574699..1574953 on - strand
[08:52:51] Excluding CDS which overlaps existing RNA (tRNA) at CP020055.1:1859829..1860476 on + strand
[08:52:51] Excluding CDS which overlaps existing RNA (rRNA) at CP020055.1:2103130..2103384 on + strand
[08:52:51] Excluding CDS which overlaps existing RNA (rRNA) at CP020055.1:2194935..2195189 on + strand
[08:52:51] Excluding CDS which overlaps existing RNA (rRNA) at CP020055.1:2333841..2334095 on + strand
[08:52:51] Excluding CDS which overlaps existing RNA (rRNA) at CP020055.1:2375055..2375309 on + strand
[08:52:52] Excluding CDS which overlaps existing RNA (rRNA) at CP020055.1:3024066..3024320 on + strand
[08:52:53] Found 4313 CDS
[08:52:53] Connecting features back to sequences
[08:52:53] Not using genus-specific database. Try --usegenus to enable it.
[08:52:53] Annotating CDS, please be patient.
[08:52:53] Will use 8 CPUs for similarity searching.
[08:52:54] There are still 4313 unannotated CDS left (started with 4313)
[08:52:54] Will use blast to search against /Users/alopatki/anaconda3/envs/prokka_env/db/kingdom/Bacteria/IS with 8 CPUs
[08:52:54] Running: cat \/Users\/alopatki\/Documents\/MATLAB\/sucA_test\/ecoli_fastas\/\/prokka\/prokka_CP020055\.1\.IS\.tmp\.80703\.faa | parallel --gnu --plain -j 8 --block 86786 --recstart '>' --pipe blastp -query - -db /Users/alopatki/anaconda3/envs/prokka_env/db/kingdom/Bacteria/IS -evalue 1e-30 -qcov_hsp_perc 90 -num_threads 1 -num_descriptions 1 -num_alignments 1 -seg no > \/Users\/alopatki\/Documents\/MATLAB\/sucA_test\/ecoli_fastas\/\/prokka\/prokka_CP020055\.1\.IS\.tmp\.80703\.blast 2> /dev/null
[08:53:06] Deleting unwanted file: /Users/alopatki/Documents/MATLAB/sucA_test/ecoli_fastas//prokka/prokka_CP020055.1.IS.tmp.80703.faa
[08:53:06] Deleting unwanted file: /Users/alopatki/Documents/MATLAB/sucA_test/ecoli_fastas//prokka/prokka_CP020055.1.IS.tmp.80703.blast
[08:53:07] There are still 4257 unannotated CDS left (started with 4313)
[08:53:07] Will use blast to search against /Users/alopatki/anaconda3/envs/prokka_env/db/kingdom/Bacteria/AMR with 8 CPUs
[08:53:07] Running: cat \/Users\/alopatki\/Documents\/MATLAB\/sucA_test\/ecoli_fastas\/\/prokka\/prokka_CP020055\.1\.AMR\.tmp\.80703\.faa | parallel --gnu --plain -j 8 --block 85974 --recstart '>' --pipe blastp -query - -db /Users/alopatki/anaconda3/envs/prokka_env/db/kingdom/Bacteria/AMR -evalue 9.99999999999999e-301 -qcov_hsp_perc 90 -num_threads 1 -num_descriptions 1 -num_alignments 1 -seg no > \/Users\/alopatki\/Documents\/MATLAB\/sucA_test\/ecoli_fastas\/\/prokka\/prokka_CP020055\.1\.AMR\.tmp\.80703\.blast 2> /dev/null
[08:53:18] Deleting unwanted file: /Users/alopatki/Documents/MATLAB/sucA_test/ecoli_fastas//prokka/prokka_CP020055.1.AMR.tmp.80703.faa
[08:53:18] Deleting unwanted file: /Users/alopatki/Documents/MATLAB/sucA_test/ecoli_fastas//prokka/prokka_CP020055.1.AMR.tmp.80703.blast
[08:53:19] There are still 4257 unannotated CDS left (started with 4313)
[08:53:19] Will use blast to search against /Users/alopatki/anaconda3/envs/prokka_env/db/kingdom/Bacteria/sprot with 8 CPUs
[08:53:19] Running: cat \/Users\/alopatki\/Documents\/MATLAB\/sucA_test\/ecoli_fastas\/\/prokka\/prokka_CP020055\.1\.sprot\.tmp\.80703\.faa | parallel --gnu --plain -j 8 --block 85974 --recstart '>' --pipe blastp -query - -db /Users/alopatki/anaconda3/envs/prokka_env/db/kingdom/Bacteria/sprot -evalue 1e-09 -qcov_hsp_perc 80 -num_threads 1 -num_descriptions 1 -num_alignments 1 -seg no > \/Users\/alopatki\/Documents\/MATLAB\/sucA_test\/ecoli_fastas\/\/prokka\/prokka_CP020055\.1\.sprot\.tmp\.80703\.blast 2> /dev/null
[08:54:07] Modify product: UPF0073 inner membrane protein YqfA => hypothetical protein
[08:54:07] Modify product: UPF0267 protein YqfB => hypothetical protein
[08:54:07] Modify product: Uncharacterized oxidoreductase YgfF => putative oxidoreductase YgfF
[08:54:07] Modify product: UPF0149 protein HI_0817 => hypothetical protein
[08:54:07] Modify product: UPF0301 protein YqgE => hypothetical protein
[08:54:07] Modify product: Uncharacterized protein YggR => putative protein YggR
[08:54:07] Modify product: UPF0235 protein YggU => hypothetical protein
[08:54:07] Modify product: Uncharacterized protein HI_0341 => putative protein
[08:54:07] Modify product: Probable Fe(2+)-trafficking protein => putative Fe(2+)-trafficking protein
[08:54:07] Modify product: Uncharacterized FAD-linked oxidoreductase Rv2280 => putative FAD-linked oxidoreductase
[08:54:07] Modify product: Uncharacterized protein YtfJ => putative protein YtfJ
[08:54:07] Modify product: Probable Ni/Fe-hydrogenase 2 b-type cytochrome subunit => putative Ni/Fe-hydrogenase 2 b-type cytochrome subunit
[08:54:07] Modify product: Uncharacterized oxidoreductase YghA => putative oxidoreductase YghA
[08:54:07] Modify product: Probable deoxycholate-binding periplasmic protein YgiS => putative deoxycholate-binding periplasmic protein YgiS
[08:54:07] Modify product: Probable quinol monooxygenase YgiN => putative quinol monooxygenase YgiN
[08:54:07] Modify product: Uncharacterized fimbrial-like protein YbgD => putative fimbrial-like protein YbgD
[08:54:07] Modify product: Probable glycerol-3-phosphate acyltransferase => putative glycerol-3-phosphate acyltransferase
[08:54:07] Modify product: Uncharacterized protein YqjD => putative protein YqjD
[08:54:07] Modify product: UPF0597 protein YhaM => hypothetical protein
[08:54:07] Modify product: Probable serine transporter => putative serine transporter
[08:54:07] Modify product: Probable galactarate transporter => putative galactarate transporter
[08:54:08] Modify product: Uncharacterized fimbrial-like protein YraH => putative fimbrial-like protein YraH
[08:54:08] Modify product: Probable fimbrial chaperone YraI => putative fimbrial chaperone YraI
[08:54:08] Modify product: UPF0053 inner membrane protein YfjD => hypothetical protein
[08:54:08] Modify product: UPF0125 protein RatB => hypothetical protein
[08:54:08] Modify product: Probable HTH-type transcriptional regulator YgaV => putative HTH-type transcriptional regulator YgaV
[08:54:08] Modify product: Uncharacterized protein YgaM => putative protein YgaM
[08:54:08] Modify product: Probable transporter SCO4007 => putative transporter
[08:54:08] Modify product: Uncharacterized protein YgcP => putative protein YgcP
[08:54:08] Modify product: Uncharacterized protein YqcG => putative protein YqcG
[08:54:08] Modify product: Probable glucarate transporter => putative glucarate transporter
[08:54:08] Modify product: Uncharacterized protein PA3435 => putative protein
[08:54:08] Modify product: Uncharacterized protein YqcC => putative protein YqcC
[08:54:08] Modify product: Uncharacterized HTH-type transcriptional regulator YdjF => putative HTH-type transcriptional regulator YdjF
[08:54:08] Modify product: UPF0382 inner membrane protein YgdD => hypothetical protein
[08:54:08] Modify product: Uncharacterized lipoprotein YgdR => putative lipoprotein YgdR
[08:54:08] Modify product: UPF0053 inner membrane protein YgdQ => hypothetical protein
[08:54:08] Modify product: Uncharacterized lipoprotein YgdR => putative lipoprotein YgdR
[08:54:08] Modify product: Uncharacterized response regulatory protein YgeK => putative response regulatory protein YgeK
[08:54:08] Modify product: Probable ATP synthase SpaL => putative ATP synthase SpaL
[08:54:08] Modify product: Probable ATP synthase SpaL => putative ATP synthase SpaL
[08:54:08] Modify product: Uncharacterized protein YqfG => putative protein YqfG
[08:54:08] Modify product: Stress response UPF0229 protein YhbH => hypothetical protein
[08:54:08] Modify product: Probable diguanylate cyclase CdgI => putative diguanylate cyclase CdgI
[08:54:08] Modify product: Probable diguanylate cyclase DgcJ => putative diguanylate cyclase DgcJ
[08:54:08] Modify product: Uncharacterized protein YeaR => putative protein YeaR
[08:54:08] Modify product: Probable ATP-dependent DNA helicase YoaA => putative ATP-dependent DNA helicase YoaA
[08:54:08] Modify product: Probable cyclic di-GMP phosphodiesterase PdeD => putative cyclic di-GMP phosphodiesterase PdeD
[08:54:08] Modify product: UPF0053 inner membrane protein YoaE => hypothetical protein
[08:54:08] Modify product: UPF0266 membrane protein YobD => hypothetical protein
[08:54:08] Modify product: Probable manganese efflux pump MntP => putative manganese efflux pump MntP
[08:54:08] Modify product: Uncharacterized protein YebV => putative protein YebV
[08:54:08] Modify product: Probable transcriptional regulatory protein YebC => putative transcriptional regulatory protein YebC
[08:54:08] Modify product: UPF0394 inner membrane protein YedE => hypothetical protein
[08:54:08] Modify product: UPF0098 protein YbcL => hypothetical protein
[08:54:08] Modify product: Probable diguanylate cyclase DgcQ => putative diguanylate cyclase DgcQ
[08:54:08] Modify product: Probable diguanylate cyclase DgcQ => putative diguanylate cyclase DgcQ
[08:54:08] Modify product: Uncharacterized inner membrane transporter YedA => putative inner membrane transporter YedA
[08:54:08] Modify product: Uncharacterized protein YedJ => putative protein YedJ
[08:54:08] Modify product: Cytochrome b561 homolog 1 => Cytochrome b561 
[08:54:08] Modify product: Probable transcriptional regulatory protein YeeN => putative transcriptional regulatory protein YeeN
[08:54:08] Modify product: Probable FMN/FAD exporter YeeO => putative FMN/FAD exporter YeeO
[08:54:08] Modify product: Probable L,D-transpeptidase ErfK/SrfK => putative L,D-transpeptidase ErfK/SrfK
[08:54:08] Modify product: UPF0265 protein YeeX => hypothetical protein
[08:54:08] Modify product: UPF0394 inner membrane protein YeeE => hypothetical protein
[08:54:08] Modify product: UPF0053 inner membrane protein YoaE => hypothetical protein
[08:54:08] Modify product: Uncharacterized fimbrial-like protein YraK => putative fimbrial-like protein YraK
[08:54:08] Modify product: UPF0213 protein BH0048 => hypothetical protein
[08:54:08] Modify product: Uncharacterized protease YhbU => putative protease YhbU
[08:54:08] Modify product: Uncharacterized inner membrane transporter YhbE => putative inner membrane transporter YhbE
[08:54:08] Modify product: Uncharacterized protein YrbL => putative protein YrbL
[08:54:08] Modify product: Uncharacterized protein YhcH => putative protein YhcH
[08:54:08] Modify product: Uncharacterized protein YhcO => putative protein YhcO
[08:54:08] Modify product: Probable acrylyl-CoA reductase AcuI => putative acrylyl-CoA reductase AcuI
[08:54:08] Modify product: Uncharacterized membrane protein YhdT => putative membrane protein YhdT
[08:54:08] Modify product: Probable bifunctional chitinase/lysozyme => putative bifunctional chitinase/lysozyme
[08:54:08] Modify product: Uncharacterized ABC transporter ATP-binding protein YheS => putative ABC transporter ATP-binding protein YheS
[08:54:08] Modify product: UPF0270 protein PA3463 => hypothetical protein
[08:54:08] Modify product: Probable protein adenylyltransferase Fic => putative protein adenylyltransferase Fic
[08:54:08] Modify product: Uncharacterized protein YhfG => putative protein YhfG
[08:54:08] Modify product: Probable fructoselysine/psicoselysine transporter FrlA => putative fructoselysine/psicoselysine transporter FrlA
[08:54:08] Modify product: Probable fructoselysine utilization operon transcriptional repressor => putative fructoselysine utilization operon transcriptional repressor
[08:54:08] Modify product: Uncharacterized protein YhfS => putative protein YhfS
[08:54:08] Modify product: Uncharacterized protein YhfX => putative protein YhfX
[08:54:08] Modify product: Putative membrane protein IgaA homolog => Putative membrane protein IgaA 
[08:54:08] Modify product: Probable [Fe-S]-dependent transcriptional repressor FeoC => putative [Fe-S]-dependent transcriptional repressor FeoC
[08:54:08] Modify product: Probable 2-dehydro-3-deoxygalactonokinase DgoK1 => putative 2-dehydro-3-deoxygalactonokinase DgoK1
[08:54:08] Modify product: UPF0167 protein CbrC => hypothetical protein
[08:54:08] Modify product: Probable glucosamine-6-phosphate deaminase 2 => putative glucosamine-6-phosphate deaminase 2
[08:54:08] Modify product: Uncharacterized fimbrial-like protein ElfG => putative fimbrial-like protein ElfG
[08:54:08] Modify product: Probable outer membrane usher protein ElfC => putative outer membrane usher protein ElfC
[08:54:08] Modify product: Probable transport protein HsrA => putative transport protein HsrA
[08:54:08] Modify product: UPF0438 protein YifE => hypothetical protein
[08:54:08] Modify product: Probable ECA polymerase => putative ECA polymerase
[08:54:08] Modify product: Probable transport protein YifK => putative transport protein YifK
[08:54:09] Modify product: Probable protein kinase UbiB => putative protein kinase UbiB
[08:54:09] Modify product: Probable acyltransferase YihG => putative acyltransferase YihG
[08:54:09] Modify product: Probable GTP-binding protein EngB => putative GTP-binding protein EngB
[08:54:09] Modify product: Uncharacterized protein YshB => putative protein YshB
[08:54:09] Modify product: Uncharacterized protein YihR => putative protein YihR
[08:54:09] Modify product: UPF0761 membrane protein YihY => hypothetical protein
[08:54:09] Modify product: UPF0381 protein YiiS => hypothetical protein
[08:54:09] Modify product: Probable cystine transporter YijE => putative cystine transporter YijE
[08:54:09] Modify product: Uncharacterized MFS-type transporter YfcJ => putative MFS-type transporter YfcJ
[08:54:09] Modify product: Probable membrane transporter protein YfcA => putative membrane transporter protein YfcA
[08:54:09] Modify product: Uncharacterized protein YfcO => putative protein YfcO
[08:54:09] Modify product: Uncharacterized fimbrial-like protein YfcP => putative fimbrial-like protein YfcP
[08:54:09] Modify product: Uncharacterized fimbrial-like protein YfcQ => putative fimbrial-like protein YfcQ
[08:54:09] Modify product: Uncharacterized fimbrial-like protein YfcR => putative fimbrial-like protein YfcR
[08:54:09] Modify product: Probable fimbrial chaperone YfcS => putative fimbrial chaperone YfcS
[08:54:09] Modify product: Uncharacterized fimbrial-like protein YfcV => putative fimbrial-like protein YfcV
[08:54:09] Modify product: UPF0381 protein YiiS => hypothetical protein
[08:54:09] Modify product: Probable multidrug resistance protein EmrY => putative multidrug resistance protein EmrY
[08:54:09] Modify product: Probable multidrug resistance protein EmrK => putative multidrug resistance protein EmrK
[08:54:09] Modify product: Probable cyclic di-GMP phosphodiesterase PdeA => putative cyclic di-GMP phosphodiesterase PdeA
[08:54:09] Modify product: Uncharacterized protein YfeY => putative protein YfeY
[08:54:09] Modify product: Uncharacterized protein Rv2575 => putative protein
[08:54:09] Modify product: Probable formate transporter 2 => putative formate transporter 2
[08:54:09] Modify product: Uncharacterized protein YfgD => putative protein YfgD
[08:54:09] Modify product: Uncharacterized protein YfgJ => putative protein YfgJ
[08:54:09] Modify product: UPF0070 protein HI_0370 => hypothetical protein
[08:54:09] Modify product: Uncharacterized protein Rv2307c => putative protein
[08:54:09] Modify product: Probable 3-phenylpropionic acid transporter => putative 3-phenylpropionic acid transporter
[08:54:09] Modify product: Uncharacterized protein YphB => putative protein YphB
[08:54:09] Modify product: Uncharacterized tRNA/rRNA methyltransferase YfiF => putative tRNA/rRNA methyltransferase YfiF
[08:54:09] Modify product: Probable diguanylate cyclase DgcE => putative diguanylate cyclase DgcE
[08:54:09] Modify product: UPF0339 protein YegP => hypothetical protein
[08:54:09] Modify product: 23S rRNA 5-hydroxycytidine C2501 synthase => 23S rRNA 5-hydroxycytidine synthase
[08:54:09] Modify product: Uncharacterized fimbrial-like protein YehA => putative fimbrial-like protein YehA
[08:54:09] Modify product: Probable fimbrial chaperone YehC => putative fimbrial chaperone YehC
[08:54:09] Modify product: Uncharacterized fimbrial-like protein YehD => putative fimbrial-like protein YehD
[08:54:09] Modify product: Uncharacterized protein YehL => putative protein YehL
[08:54:09] Modify product: Uncharacterized lipoprotein YehR => putative lipoprotein YehR
[08:54:09] Modify product: UPF0387 membrane protein YohO => hypothetical protein
[08:54:09] Modify product: Uncharacterized oxidoreductase YohF => putative oxidoreductase YohF
[08:54:09] Modify product: UPF0299 membrane protein YohJ => hypothetical protein
[08:54:09] Modify product: UPF0324 inner membrane protein YeiH => hypothetical protein
[08:54:09] Modify product: UPF0153 protein YeiW => hypothetical protein
[08:54:09] Modify product: Probable cyclic di-GMP phosphodiesterase PdeN => putative cyclic di-GMP phosphodiesterase PdeN
[08:54:09] Modify product: Uncharacterized ABC transporter ATP-binding protein YejF => putative ABC transporter ATP-binding protein YejF
[08:54:09] Modify product: Uncharacterized protein YejG => putative protein YejG
[08:54:09] Modify product: UPF0352 protein YejL => hypothetical protein
[08:54:09] Modify product: Probable autotransporter ROD_p1121 => putative autotransporter
[08:54:09] Modify product: Probable autotransporter YfaL => putative autotransporter YfaL
[08:54:09] Modify product: Probable 4-deoxy-4-formamido-L-arabinose-phosphoundecaprenol deformylase ArnD => putative 4-deoxy-4-formamido-L-arabinose-phosphoundecaprenol deformylase ArnD
[08:54:09] Modify product: Probable 4-amino-4-deoxy-L-arabinose-phosphoundecaprenol flippase subunit ArnE => putative 4-amino-4-deoxy-L-arabinose-phosphoundecaprenol flippase subunit ArnE
[08:54:09] Modify product: Probable 4-amino-4-deoxy-L-arabinose-phosphoundecaprenol flippase subunit ArnF => putative 4-amino-4-deoxy-L-arabinose-phosphoundecaprenol flippase subunit ArnF
[08:54:09] Modify product: UPF0304 protein YfbU => hypothetical protein
[08:54:09] Modify product: UPF0208 membrane protein YfbV => hypothetical protein
[08:54:09] Modify product: Uncharacterized Nudix hydrolase YfcD => putative Nudix hydrolase YfcD
[08:54:09] Modify product: Epimerase family protein SA0724 => Epimerase family protein
[08:54:09] Modify product: UPF0056 inner membrane protein YhgN => hypothetical protein
[08:54:09] Modify product: Uncharacterized oxidoreductase YhhX => putative oxidoreductase YhhX
[08:54:09] Modify product: Uncharacterized protein YhhA => putative protein YhhA
[08:54:09] Modify product: Uncharacterized MFS-type transporter YhhS => putative MFS-type transporter YhhS
[08:54:09] Modify product: Uncharacterized protein HI_0933 => putative protein
[08:54:09] Modify product: Probable cyclic di-GMP phosphodiesterase PdeK => putative cyclic di-GMP phosphodiesterase PdeK
[08:54:09] Modify product: Uncharacterized MFS-type transporter YhjX => putative MFS-type transporter YhjX
[08:54:09] Modify product: Probable lipoprotein YiaD => putative lipoprotein YiaD
[08:54:09] Modify product: Uncharacterized protein YhcH => putative protein YhcH
[08:54:09] Modify product: Uncharacterized GST-like protein YibF => putative GST-like protein YibF
[08:54:09] Modify product: Uncharacterized protein YibL => putative protein YibL
[08:54:09] Modify product: Uncharacterized protein YibN => putative protein YibN
[08:54:09] Modify product: Uncharacterized glycosyltransferase EpsJ => putative glycosyltransferase EpsJ
[08:54:09] Modify product: UPF0758 protein SP_1088 => hypothetical protein
[08:54:09] Modify product: UPF0701 protein YicC => hypothetical protein
[08:54:09] Modify product: UPF0126 inner membrane protein YicG => hypothetical protein
[08:54:09] Modify product: Uncharacterized inner membrane transporter YicL => putative inner membrane transporter YicL
[08:54:09] Modify product: Uncharacterized symporter YidK => putative symporter YidK
[08:54:09] Modify product: Probable L-galactonate transporter => putative L-galactonate transporter
[08:54:09] Modify product: Uncharacterized protein HI_0431 => putative protein
[08:54:09] Modify product: Uncharacterized lipoprotein GfcB => putative lipoprotein GfcB
[08:54:09] Modify product: UPF0337 protein YjbJ => hypothetical protein
[08:54:09] Modify product: Uncharacterized protein YjbR => putative protein YjbR
[08:54:09] Modify product: Probable cyclic di-GMP phosphodiesterase PdeC => putative cyclic di-GMP phosphodiesterase PdeC
[08:54:09] Modify product: Uncharacterized ferredoxin-like protein YdhX => putative ferredoxin-like protein YdhX
[08:54:10] Modify product: Probable transcriptional regulator PhnF => putative transcriptional regulator PhnF
[08:54:10] Modify product: Uncharacterized protein YjdJ => putative protein YjdJ
[08:54:10] Modify product: Probable cadaverine/lysine antiporter => putative cadaverine/lysine antiporter
[08:54:10] Modify product: UPF0716 protein FxsA => hypothetical protein
[08:54:10] Modify product: UPF0719 inner membrane protein YjfL => hypothetical protein
[08:54:10] Modify product: Probable L-ascorbate-6-phosphate lactonase UlaG => putative L-ascorbate-6-phosphate lactonase UlaG
[08:54:10] Modify product: Solute-binding protein Bamb_6123 => Solute-binding protein
[08:54:10] Modify product: Uncharacterized protein YtfJ => putative protein YtfJ
[08:54:10] Modify product: UPF0053 inner membrane protein YtfL => hypothetical protein
[08:54:10] Modify product: UPF0307 protein YjgA => hypothetical protein
[08:54:10] Modify product: Probable RNA polymerase sigma factor FecI => putative RNA polymerase sigma factor FecI
[08:54:10] Modify product: UPF0401 protein YkfF => hypothetical protein
[08:54:10] Modify product: Probable 9-O-acetyl-N-acetylneuraminic acid deacetylase => putative 9-O-acetyl-N-acetylneuraminic acid deacetylase
[08:54:10] Modify product: Probable N-acetylneuraminic acid outer membrane channel protein NanC => putative N-acetylneuraminic acid outer membrane channel protein NanC
[08:54:10] Modify product: Probable RNA 2'-phosphotransferase => putative RNA 2'-phosphotransferase
[08:54:10] Modify product: Uncharacterized protein YjiK => putative protein YjiK
[08:54:10] Modify product: Probable L-galactonate transporter => putative L-galactonate transporter
[08:54:10] Modify product: UPF0442 protein YjjB => hypothetical protein
[08:54:10] Modify product: Uncharacterized metal-dependent hydrolase YjjV => putative metal-dependent hydrolase YjjV
[08:54:10] Modify product: Uncharacterized protein YjjI => putative protein YjjI
[08:54:10] Modify product: Probable inner membrane protein Smp => putative inner membrane protein Smp
[08:54:10] Modify product: Probable peptidoglycan glycosyltransferase FtsW => putative peptidoglycan glycosyltransferase FtsW
[08:54:10] Modify product: Probable outer membrane usher protein ElfC => putative outer membrane usher protein ElfC
[08:54:10] Modify product: Uncharacterized fimbrial-like protein ElfG => putative fimbrial-like protein ElfG
[08:54:10] Modify product: Uncharacterized fimbrial-like protein ElfG => putative fimbrial-like protein ElfG
[08:54:10] Modify product: Uncharacterized fimbrial-like protein YcbU => putative fimbrial-like protein YcbU
[08:54:10] Modify product: Uncharacterized fimbrial-like protein YcbV => putative fimbrial-like protein YcbV
[08:54:10] Modify product: Uncharacterized fimbrial chaperone YcbF => putative fimbrial chaperone YcbF
[08:54:10] Modify product: Uncharacterized protein YcbX => putative protein YcbX
[08:54:10] Modify product: UPF0319 protein HI_1681 => hypothetical protein
[08:54:10] Modify product: Uncharacterized protein YccU => putative protein YccU
[08:54:10] Modify product: Probable Ni/Fe-hydrogenase 1 B-type cytochrome subunit => putative Ni/Fe-hydrogenase 1 B-type cytochrome subunit
[08:54:10] Modify product: Uncharacterized lipoprotein GfcB => putative lipoprotein GfcB
[08:54:10] Modify product: Uncharacterized protein YccJ => putative protein YccJ
[08:54:10] Modify product: Probable malonic semialdehyde reductase RutE => putative malonic semialdehyde reductase RutE
[08:54:10] Modify product: Probable diguanylate cyclase DgcT => putative diguanylate cyclase DgcT
[08:54:10] Modify product: Uncharacterized protein YbdM => putative protein YbdM
[08:54:10] Modify product: UPF0758 protein CT0611 => hypothetical protein
[08:54:10] Modify product: Probable phosphatase YcdX => putative phosphatase YcdX
[08:54:10] Modify product: Uncharacterized protein YmdA => putative protein YmdA
[08:54:10] Modify product: UPF0176 protein YceA => hypothetical protein
[08:54:10] Modify product: Cytochrome b561 homolog 2 => Cytochrome b561 
[08:54:10] Modify product: Uncharacterized protein YceO => putative protein YceO
[08:54:10] Modify product: Uncharacterized lipoprotein YceB => putative lipoprotein YceB
[08:54:10] Modify product: UPF0502 protein YceH => hypothetical protein
[08:54:10] Modify product: Uncharacterized metal-dependent hydrolase YcfH => putative metal-dependent hydrolase YcfH
[08:54:10] Modify product: UPF0227 protein YcfP => hypothetical protein
[08:54:10] Modify product: Probable L,D-transpeptidase YcfS => putative L,D-transpeptidase YcfS
[08:54:10] Modify product: Uncharacterized protein YdfO => putative protein YdfO
[08:54:10] Modify product: Probable two-component-system connector protein YcgZ => putative two-component-system connector protein YcgZ
[08:54:10] Modify product: Probable two-component-system connector protein AriR => putative two-component-system connector protein AriR
[08:54:10] Modify product: Uncharacterized protein YmgC => putative protein YmgC
[08:54:10] Modify product: Probable cyclic di-GMP phosphodiesterase PdeG => putative cyclic di-GMP phosphodiesterase PdeG
[08:54:10] Modify product: Uncharacterized protein YmgD => putative protein YmgD
[08:54:10] Modify product: UPF0757 protein YmgG => hypothetical protein
[08:54:10] Modify product: Probable autotransporter ROD_p1121 => putative autotransporter
[08:54:10] Modify product: Uncharacterized protein YcgM => putative protein YcgM
[08:54:10] Modify product: UPF0231 protein YacL => hypothetical protein
[08:54:10] Modify product: Uncharacterized ABC transporter ATP-binding protein YadG => putative ABC transporter ATP-binding protein YadG
[08:54:10] Modify product: Uncharacterized fimbrial-like protein YadC => putative fimbrial-like protein YadC
[08:54:10] Modify product: Uncharacterized fimbrial-like protein YadK => putative fimbrial-like protein YadK
[08:54:10] Modify product: Uncharacterized fimbrial-like protein YadL => putative fimbrial-like protein YadL
[08:54:10] Modify product: Uncharacterized fimbrial-like protein YadM => putative fimbrial-like protein YadM
[08:54:10] Modify product: Probable fimbrial chaperone YadV => putative fimbrial chaperone YadV
[08:54:10] Modify product: Uncharacterized fimbrial-like protein YadN => putative fimbrial-like protein YadN
[08:54:10] Modify product: UPF0126 inner membrane protein YadS => hypothetical protein
[08:54:10] Modify product: UPF0253 protein YaeP => hypothetical protein
[08:54:10] Modify product: Uncharacterized protein YaeQ => putative protein YaeQ
[08:54:10] Modify product: Uncharacterized methyltransferase YcgJ => putative methyltransferase YcgJ
[08:54:10] Modify product: Uncharacterized N-acetyltransferase YafP => putative N-acetyltransferase YafP
[08:54:10] Modify product: UPF0255 protein VV1_0328 => hypothetical protein
[08:54:10] Modify product: Probable fimbrial chaperone EcpE => putative fimbrial chaperone EcpE
[08:54:10] Modify product: Probable outer membrane usher protein EcpC => putative outer membrane usher protein EcpC
[08:54:10] Modify product: Probable fimbrial chaperone EcpB => putative fimbrial chaperone EcpB
[08:54:10] Modify product: Uncharacterized membrane protein YkgR => putative membrane protein YkgR
[08:54:10] Modify product: Probable pyridine nucleotide-disulfide oxidoreductase RclA => putative pyridine nucleotide-disulfide oxidoreductase RclA
[08:54:10] Modify product: Uncharacterized HTH-type transcriptional regulator YahB => putative HTH-type transcriptional regulator YahB
[08:54:10] Modify product: Uncharacterized transporter YycB => putative transporter YycB
[08:54:10] Modify product: Probable diguanylate cyclase DgcC => putative diguanylate cyclase DgcC
[08:54:10] Modify product: UPF0178 protein YaiI => hypothetical protein
[08:54:10] Modify product: Uncharacterized protein YaiA => putative protein YaiA
[08:54:10] Modify product: Uncharacterized lipoprotein YajI => putative lipoprotein YajI
[08:54:10] Modify product: UPF0234 protein YajQ => hypothetical protein
[08:54:10] Modify product: Uncharacterized protein HI_1008 => putative protein
[08:54:10] Modify product: Probable multidrug resistance ABC transporter ATP-binding/permease protein YheI => putative multidrug resistance ABC transporter ATP-binding/permease protein YheI
[08:54:10] Modify product: Uncharacterized lipoprotein YbaY => putative lipoprotein YbaY
[08:54:10] Modify product: Uncharacterized protein YbaA => putative protein YbaA
[08:54:10] Modify product: Probable cyclic di-GMP phosphodiesterase PdeB => putative cyclic di-GMP phosphodiesterase PdeB
[08:54:10] Modify product: Uncharacterized HTH-type transcriptional regulator YbaQ => putative HTH-type transcriptional regulator YbaQ
[08:54:10] Modify product: Probable iron export ATP-binding protein FetA => putative iron export ATP-binding protein FetA
[08:54:10] Modify product: Probable iron export permease protein FetB => putative iron export permease protein FetB
[08:54:10] Modify product: Uncharacterized protein YbcJ => putative protein YbcJ
[08:54:10] Modify product: Bifunctional protein FolD => Bifunctional protein FolD protein
[08:54:10] Modify product: Uncharacterized fimbrial-like protein SfmA => putative fimbrial-like protein SfmA
[08:54:10] Modify product: Probable fimbrial chaperone SfmC => putative fimbrial chaperone SfmC
[08:54:10] Modify product: Uncharacterized fimbrial-like protein SfmH => putative fimbrial-like protein SfmH
[08:54:10] Modify product: Uncharacterized fimbrial-like protein SfmF => putative fimbrial-like protein SfmF
[08:54:10] Modify product: Probable deoxyribonuclease RhsA => putative deoxyribonuclease RhsA
[08:54:10] Modify product: Uncharacterized protein YbdM => putative protein YbdM
[08:54:10] Modify product: Uncharacterized HTH-type transcriptional regulator YbdO => putative HTH-type transcriptional regulator YbdO
[08:54:10] Modify product: Probable zinc-binding alcohol dehydrogenase Rv1895 => putative zinc-binding alcohol dehydrogenase
[08:54:11] Modify product: Uncharacterized HTH-type transcriptional regulator YbdO => putative HTH-type transcriptional regulator YbdO
[08:54:11] Modify product: UPF0250 protein YbeD => hypothetical protein
[08:54:11] Modify product: Uncharacterized lipoprotein ChiQ => putative lipoprotein ChiQ
[08:54:11] Modify product: Uncharacterized protein YbfE => putative protein YbfE
[08:54:11] Modify product: UPF0225 protein YchJ => hypothetical protein
[08:54:11] Modify product: Uncharacterized NTE family protein Rv1063c => putative NTE family protein
[08:54:11] Modify product: UPF0056 inner membrane protein MarC => hypothetical protein
[08:54:11] Modify product: UPF0263 protein YciU => hypothetical protein
[08:54:11] Modify product: Uncharacterized acyl-CoA thioester hydrolase HI_0827 => putative acyl-CoA thioester hydrolase
[08:54:11] Modify product: Probable intracellular septation protein A => putative intracellular septation protein A
[08:54:11] Modify product: UPF0259 membrane protein YciC => hypothetical protein
[08:54:11] Modify product: Uncharacterized protein YciO => putative protein YciO
[08:54:11] Modify product: Uncharacterized oxidoreductase YciK => putative oxidoreductase YciK
[08:54:11] Modify product: Probable protease SohB => putative protease SohB
[08:54:11] Modify product: Uncharacterized protein YciH => putative protein YciH
[08:54:11] Modify product: UPF0509 protein YciZ => hypothetical protein
[08:54:11] Modify product: Uncharacterized protein HI_1162 => putative protein
[08:54:11] Modify product: Uncharacterized protein YcjX => putative protein YcjX
[08:54:11] Modify product: UPF0283 membrane protein YcjF => hypothetical protein
[08:54:11] Modify product: Uncharacterized protein YcjY => putative protein YcjY
[08:54:11] Modify product: Uncharacterized protein YcjY => putative protein YcjY
[08:54:11] Modify product: Probable DNA endonuclease SmrA => putative DNA endonuclease SmrA
[08:54:11] Modify product: Uncharacterized protein YnbC => putative protein YnbC
[08:54:11] Modify product: Uncharacterized protein YnbD => putative protein YnbD
[08:54:11] Modify product: Uncharacterized protein Rv3292 => putative protein
[08:54:11] Modify product: 23S rRNA 5-hydroxycytidine C2501 synthase => 23S rRNA 5-hydroxycytidine synthase
[08:54:11] Modify product: Uncharacterized protein YdcY => putative protein YdcY
[08:54:11] Modify product: Uncharacterized protein YncE => putative protein YncE
[08:54:11] Modify product: Uncharacterized isomerase YddE => putative isomerase YddE
[08:54:11] Modify product: Probable nitrate reductase molybdenum cofactor assembly chaperone NarW => putative nitrate reductase molybdenum cofactor assembly chaperone NarW
[08:54:11] Modify product: Uncharacterized HTH-type transcriptional regulator YddM => putative HTH-type transcriptional regulator YddM
[08:54:11] Modify product: Probable D,D-dipeptide transport ATP-binding protein DdpF => putative D,D-dipeptide transport ATP-binding protein DdpF
[08:54:11] Modify product: Probable D,D-dipeptide transport ATP-binding protein DdpD => putative D,D-dipeptide transport ATP-binding protein DdpD
[08:54:11] Modify product: Probable D,D-dipeptide transport system permease protein DdpC => putative D,D-dipeptide transport system permease protein DdpC
[08:54:11] Modify product: Probable D,D-dipeptide transport system permease protein DdpB => putative D,D-dipeptide transport system permease protein DdpB
[08:54:11] Modify product: Probable D,D-dipeptide-binding periplasmic protein DdpA => putative D,D-dipeptide-binding periplasmic protein DdpA
[08:54:11] Modify product: Probable glutamate/gamma-aminobutyrate antiporter => putative glutamate/gamma-aminobutyrate antiporter
[08:54:11] Modify product: UPF0056 inner membrane protein MarC => hypothetical protein
[08:54:11] Modify product: Probable amino-acid metabolite efflux pump => putative amino-acid metabolite efflux pump
[08:54:11] Modify product: UPF0060 membrane protein YnfA => hypothetical protein
[08:54:11] Modify product: UPF0482 protein YnfB => hypothetical protein
[08:54:11] Modify product: Uncharacterized protein YnfD => putative protein YnfD
[08:54:11] Modify product: Probable dimethyl sulfoxide reductase chain YnfF => putative dimethyl sulfoxide reductase chain YnfF
[08:54:11] Modify product: Uncharacterized oxidoreductase YdgJ => putative oxidoreductase YdgJ
[08:54:11] Modify product: Uncharacterized protein YnhF => putative protein YnhF
[08:54:11] Modify product: Uncharacterized HTH-type transcriptional regulator YahB => putative HTH-type transcriptional regulator YahB
[08:54:11] Modify product: Probable autotransporter ROD_p1121 => putative autotransporter
[08:54:11] Modify product: Uncharacterized protein YdhT => putative protein YdhT
[08:54:11] Modify product: Uncharacterized ferredoxin-like protein YdhX => putative ferredoxin-like protein YdhX
[08:54:11] Modify product: Uncharacterized protein YdhW => putative protein YdhW
[08:54:11] Modify product: Uncharacterized oxidoreductase YdhV => putative oxidoreductase YdhV
[08:54:11] Modify product: Uncharacterized ferredoxin-like protein YdhY => putative ferredoxin-like protein YdhY
[08:54:11] Modify product: Probable L,D-transpeptidase YnhG => putative L,D-transpeptidase YnhG
[08:54:11] Modify product: Probable ATP-dependent transporter SufC => putative ATP-dependent transporter SufC
[08:54:11] Modify product: Uncharacterized protein HI_1163 => putative protein
[08:54:11] Modify product: Uncharacterized protein YdiE => putative protein YdiE
[08:54:11] Modify product: Uncharacterized protein YniD => putative protein YniD
[08:54:11] Modify product: Probable ketoamine kinase lp_1983 => putative ketoamine kinase
[08:54:11] Modify product: GTP cyclohydrolase 1 type 2 homolog => GTP cyclohydrolase 1 type 2 
[08:54:11] Modify product: Uncharacterized fimbrial-like protein YbgD => putative fimbrial-like protein YbgD
[08:54:11] Modify product: UPF0098 protein YbhB => hypothetical protein
[08:54:11] Modify product: Probable multidrug ABC transporter permease YbhR => putative multidrug ABC transporter permease YbhR
[08:54:11] Modify product: Probable multidrug ABC transporter permease YbhS => putative multidrug ABC transporter permease YbhS
[08:54:11] Modify product: Probable multidrug ABC transporter ATP-binding protein YbhF => putative multidrug ABC transporter ATP-binding protein YbhF
[08:54:11] Modify product: UPF0194 membrane protein YbhG => hypothetical protein
[08:54:11] Modify product: Uncharacterized protein YbiB => putative protein YbiB
[08:54:11] Modify product: Uncharacterized protein YbiI => putative protein YbiI
[08:54:11] Modify product: PKHD-type hydroxylase Sbal_3634 => PKHD-type hydroxylase
[08:54:11] Modify product: Uncharacterized protein McbA => putative protein McbA
[08:54:11] Modify product: Probable L,D-transpeptidase YbiS => putative L,D-transpeptidase YbiS
[08:54:11] Modify product: Uncharacterized ABC transporter ATP-binding protein YbiT => putative ABC transporter ATP-binding protein YbiT
[08:54:11] Modify product: Uncharacterized protein YbiU => putative protein YbiU
[08:54:11] Modify product: Probable cyclic di-GMP phosphodiesterase PdeI => putative cyclic di-GMP phosphodiesterase PdeI
[08:54:11] Modify product: Uncharacterized protein YbjN => putative protein YbjN
[08:54:11] Modify product: Uncharacterized lipoprotein YbjP => putative lipoprotein YbjP
[08:54:11] Modify product: UPF0145 protein YbjQ => hypothetical protein
[08:54:11] Modify product: Probable hydrolase YcaC => putative hydrolase YcaC
[08:54:11] Modify product: Uncharacterized MFS-type transporter YcaD => putative MFS-type transporter YcaD
[08:54:11] Modify product: Probable formate transporter 1 => putative formate transporter 1
[08:54:11] Modify product: UPF0434 protein YcaR => hypothetical protein
[08:54:11] Modify product: Probable L,D-transpeptidase YcbB => putative L,D-transpeptidase YcbB
[08:54:11] Modify product: Probable fimbrial chaperone protein ElfD => putative fimbrial chaperone protein ElfD
[08:54:11] Cleaned 359 /product names
[08:54:11] Deleting unwanted file: /Users/alopatki/Documents/MATLAB/sucA_test/ecoli_fastas//prokka/prokka_CP020055.1.sprot.tmp.80703.faa
[08:54:11] Deleting unwanted file: /Users/alopatki/Documents/MATLAB/sucA_test/ecoli_fastas//prokka/prokka_CP020055.1.sprot.tmp.80703.blast
[08:54:11] There are still 806 unannotated CDS left (started with 4313)
[08:54:11] Will use hmmer3 to search against /Users/alopatki/anaconda3/envs/prokka_env/db/hmm/HAMAP.hmm with 8 CPUs
[08:54:11] Running: cat \/Users\/alopatki\/Documents\/MATLAB\/sucA_test\/ecoli_fastas\/\/prokka\/prokka_CP020055\.1\.HAMAP\.hmm\.tmp\.80703\.faa | parallel --gnu --plain -j 8 --block 12793 --recstart '>' --pipe hmmscan --noali --notextw --acc -E 1e-09 --cpu 1 /Users/alopatki/anaconda3/envs/prokka_env/db/hmm/HAMAP.hmm /dev/stdin > \/Users\/alopatki\/Documents\/MATLAB\/sucA_test\/ecoli_fastas\/\/prokka\/prokka_CP020055\.1\.HAMAP\.hmm\.tmp\.80703\.hmmer3 2> /dev/null
[08:54:20] Modify product: Uncharacterized Nudix hydrolase NudL => putative Nudix hydrolase NudL
[08:54:20] Cleaned 1 /product names
[08:54:20] Deleting unwanted file: /Users/alopatki/Documents/MATLAB/sucA_test/ecoli_fastas//prokka/prokka_CP020055.1.HAMAP.hmm.tmp.80703.faa
[08:54:20] Deleting unwanted file: /Users/alopatki/Documents/MATLAB/sucA_test/ecoli_fastas//prokka/prokka_CP020055.1.HAMAP.hmm.tmp.80703.hmmer3
[08:54:20] Labelling remaining 734 proteins as 'hypothetical protein'
[08:54:20] Possible /pseudo 'IS200/IS605 family transposase IS609' at CP020055.1 position 155491
[08:54:20] Possible /pseudo 'IS1 family transposase IS1A' at CP020055.1 position 157451
[08:54:20] Possible /pseudo 'putative diguanylate cyclase DgcQ' at CP020055.1 position 174860
[08:54:20] Possible /pseudo 'Protein/nucleic acid deglycase 1' at CP020055.1 position 183992
[08:54:20] Possible /pseudo 'IS66 family transposase ISEc23' at CP020055.1 position 193024
[08:54:20] Possible /pseudo 'NAD-dependent dihydropyrimidine dehydrogenase subunit PreA' at CP020055.1 position 394373
[08:54:20] Possible /pseudo 'Sucrose permease' at CP020055.1 position 620043
[08:54:20] Possible /pseudo 'Aminopeptidase YpdF' at CP020055.1 position 651731
[08:54:20] Possible /pseudo 'Ethanolamine utilization protein EutD' at CP020055.1 position 708675
[08:54:20] Possible /pseudo 'Ethanolamine utilization protein EutD' at CP020055.1 position 709044
[08:54:20] Possible /pseudo 'Hydrogenase-4 component B' at CP020055.1 position 738981
[08:54:20] Possible /pseudo 'Surface presentation of antigens protein SpaS' at CP020055.1 position 1116403
[08:54:20] Possible /pseudo 'putative ATP synthase SpaL' at CP020055.1 position 1121608
[08:54:20] Possible /pseudo 'Energy-coupling factor transporter ATP-binding protein EcfA1' at CP020055.1 position 1203075
[08:54:20] Possible /pseudo 'Putative transferase YhbX' at CP020055.1 position 1475902
[08:54:20] Possible /pseudo 'Putative secretin GspD' at CP020055.1 position 1604796
[08:54:20] Possible /pseudo 'Small toxic polypeptide LdrD' at CP020055.1 position 1850578
[08:54:20] Possible /pseudo 'Small toxic polypeptide LdrD' at CP020055.1 position 1851061
[08:54:20] Possible /pseudo 'Inner membrane protein YibH' at CP020055.1 position 1921059
[08:54:20] Possible /pseudo 'DNA ligase B' at CP020055.1 position 1975164
[08:54:20] Possible /pseudo 'Alpha-xylosidase' at CP020055.1 position 1988126
[08:54:20] Possible /pseudo 'Protein RarD' at CP020055.1 position 2162578
[08:54:20] Possible /pseudo 'Putative 2,3-dihydroxypropane-1-sulfonate exporter' at CP020055.1 position 2223852
[08:54:20] Possible /pseudo 'Formate dehydrogenase-O major subunit' at CP020055.1 position 2243282
[08:54:20] Possible /pseudo 'Formate dehydrogenase H' at CP020055.1 position 2472905
[08:54:20] Possible /pseudo 'Inner membrane protein YjgN' at CP020055.1 position 2659866
[08:54:20] Possible /pseudo 'ISKra4 family transposase ISCep1' at CP020055.1 position 2719385
[08:54:20] Possible /pseudo 'Type-1 fimbrial protein, A chain' at CP020055.1 position 2721123
[08:54:20] Possible /pseudo 'Chaperone protein HscC' at CP020055.1 position 3451292
[08:54:20] Possible /pseudo 'ISAs1 family transposase ISEc1' at CP020055.1 position 3505200
[08:54:20] Possible /pseudo 'putative fimbrial-like protein ElfG' at CP020055.1 position 3769681
[08:54:20] Possible /pseudo 'FhuE receptor' at CP020055.1 position 3998804
[08:54:20] Possible /pseudo 'Hemolysin E, chromosomal' at CP020055.1 position 4053716
[08:54:20] Possible /pseudo 'Small toxic polypeptide LdrA' at CP020055.1 position 4093624
[08:54:20] Possible /pseudo 'Formate dehydrogenase, nitrate-inducible, major subunit' at CP020055.1 position 4370714
[08:54:20] Found 3161 unique /gene codes.
[08:54:20] Fixed 2 duplicate /gene - hscC_1 hscC_2
[08:54:20] Fixed 2 duplicate /gene - pgrR_1 pgrR_2
[08:54:20] Fixed 2 duplicate /gene - argE_1 argE_2
[08:54:20] Fixed 2 duplicate /gene - bioF_1 bioF_2
[08:54:20] Fixed 3 duplicate /gene - tdh_1 tdh_2 tdh_3
[08:54:20] Fixed 2 duplicate /gene - gspK_1 gspK_2
[08:54:20] Fixed 2 duplicate /gene - aspT_1 aspT_2
[08:54:20] Fixed 2 duplicate /gene - ybgD_1 ybgD_2
[08:54:20] Fixed 2 duplicate /gene - yggP_1 yggP_2
[08:54:20] Fixed 2 duplicate /gene - lldR_1 lldR_2
[08:54:20] Fixed 2 duplicate /gene - dadA_1 dadA_2
[08:54:20] Fixed 3 duplicate /gene - norR_1 norR_2 norR_3
[08:54:20] Fixed 2 duplicate /gene - ygcS_1 ygcS_2
[08:54:20] Fixed 2 duplicate /gene - focC_1 focC_2
[08:54:20] Fixed 2 duplicate /gene - yhcH_1 yhcH_2
[08:54:20] Fixed 2 duplicate /gene - gspA_1 gspA_2
[08:54:20] Fixed 2 duplicate /gene - hyfB_1 hyfB_2
[08:54:20] Fixed 2 duplicate /gene - manX_1 manX_2
[08:54:20] Fixed 2 duplicate /gene - prs_1 prs_2
[08:54:20] Fixed 2 duplicate /gene - ftnA_1 ftnA_2
[08:54:20] Fixed 2 duplicate /gene - leuC_1 leuC_2
[08:54:20] Fixed 2 duplicate /gene - ybdO_1 ybdO_2
[08:54:20] Fixed 3 duplicate /gene - ydcV_1 ydcV_2 ydcV_3
[08:54:20] Fixed 2 duplicate /gene - yhaJ_1 yhaJ_2
[08:54:20] Fixed 2 duplicate /gene - rlhA_1 rlhA_2
[08:54:20] Fixed 3 duplicate /gene - dcuD_1 dcuD_2 dcuD_3
[08:54:20] Fixed 2 duplicate /gene - melR_1 melR_2
[08:54:20] Fixed 2 duplicate /gene - yibH_1 yibH_2
[08:54:20] Fixed 2 duplicate /gene - malP_1 malP_2
[08:54:20] Fixed 2 duplicate /gene - lutA_1 lutA_2
[08:54:20] Fixed 2 duplicate /gene - coaA_1 coaA_2
[08:54:20] Fixed 2 duplicate /gene - kefC_1 kefC_2
[08:54:20] Fixed 3 duplicate /gene - glnQ_1 glnQ_2 glnQ_3
[08:54:20] Fixed 2 duplicate /gene - sgrR_1 sgrR_2
[08:54:20] Fixed 2 duplicate /gene - azoR_1 azoR_2
[08:54:20] Fixed 2 duplicate /gene - srmB_1 srmB_2
[08:54:20] Fixed 2 duplicate /gene - xdhA_1 xdhA_2
[08:54:20] Fixed 2 duplicate /gene - ydhX_1 ydhX_2
[08:54:20] Fixed 2 duplicate /gene - higA_1 higA_2
[08:54:20] Fixed 3 duplicate /gene - elfG_1 elfG_2 elfG_3
[08:54:20] Fixed 5 duplicate /gene - srlR_1 srlR_2 srlR_3 srlR_4 srlR_5
[08:54:20] Fixed 2 duplicate /gene - fimH_1 fimH_2
[08:54:20] Fixed 2 duplicate /gene - fdnH_1 fdnH_2
[08:54:20] Fixed 2 duplicate /gene - menE_1 menE_2
[08:54:20] Fixed 2 duplicate /gene - nanR_1 nanR_2
[08:54:20] Fixed 2 duplicate /gene - aaeA_1 aaeA_2
[08:54:20] Fixed 2 duplicate /gene - manC1_1 manC1_2
[08:54:20] Fixed 2 duplicate /gene - ubiJ_1 ubiJ_2
[08:54:20] Fixed 3 duplicate /gene - manZ_1 manZ_2 manZ_3
[08:54:20] Fixed 2 duplicate /gene - oleD_1 oleD_2
[08:54:20] Fixed 2 duplicate /gene - rhsD_1 rhsD_2
[08:54:20] Fixed 2 duplicate /gene - metC_1 metC_2
[08:54:20] Fixed 2 duplicate /gene - htrE_1 htrE_2
[08:54:20] Fixed 2 duplicate /gene - acpP_1 acpP_2
[08:54:20] Fixed 2 duplicate /gene - ybdM_1 ybdM_2
[08:54:20] Fixed 2 duplicate /gene - ypdF_1 ypdF_2
[08:54:20] Fixed 2 duplicate /gene - ccmF_1 ccmF_2
[08:54:20] Fixed 2 duplicate /gene - dnaC_1 dnaC_2
[08:54:20] Fixed 2 duplicate /gene - fryB_1 fryB_2
[08:54:20] Fixed 2 duplicate /gene - tmk_1 tmk_2
[08:54:20] Fixed 2 duplicate /gene - oxyR_1 oxyR_2
[08:54:20] Fixed 3 duplicate /gene - fixX_1 fixX_2 fixX_3
[08:54:20] Fixed 2 duplicate /gene - bioD1_1 bioD1_2
[08:54:20] Fixed 2 duplicate /gene - acrB_1 acrB_2
[08:54:20] Fixed 2 duplicate /gene - lolD_1 lolD_2
[08:54:20] Fixed 2 duplicate /gene - pdhR_1 pdhR_2
[08:54:20] Fixed 5 duplicate /gene - rhaS_1 rhaS_2 rhaS_3 rhaS_4 rhaS_5
[08:54:20] Fixed 2 duplicate /gene - mdh_1 mdh_2
[08:54:20] Fixed 2 duplicate /gene - cysH_1 cysH_2
[08:54:20] Fixed 2 duplicate /gene - rspA_1 rspA_2
[08:54:20] Fixed 2 duplicate /gene - rbsA_1 rbsA_2
[08:54:20] Fixed 2 duplicate /gene - ccmH_1 ccmH_2
[08:54:20] Fixed 2 duplicate /gene - kduD_1 kduD_2
[08:54:20] Fixed 2 duplicate /gene - psuK_1 psuK_2
[08:54:20] Fixed 2 duplicate /gene - sbmC_1 sbmC_2
[08:54:20] Fixed 5 duplicate /gene - hyfA_1 hyfA_2 hyfA_3 hyfA_4 hyfA_5
[08:54:20] Fixed 2 duplicate /gene - hlyE_1 hlyE_2
[08:54:20] Fixed 2 duplicate /gene - intA_1 intA_2
[08:54:20] Fixed 2 duplicate /gene - ytfJ_1 ytfJ_2
[08:54:20] Fixed 2 duplicate /gene - pitA_1 pitA_2
[08:54:20] Fixed 2 duplicate /gene - pspB_1 pspB_2
[08:54:20] Fixed 2 duplicate /gene - aaeB_1 aaeB_2
[08:54:20] Fixed 2 duplicate /gene - fruA_1 fruA_2
[08:54:20] Fixed 2 duplicate /gene - fdrA_1 fdrA_2
[08:54:20] Fixed 2 duplicate /gene - nlpD_1 nlpD_2
[08:54:20] Fixed 2 duplicate /gene - topA_1 topA_2
[08:54:20] Fixed 2 duplicate /gene - por_1 por_2
[08:54:20] Fixed 2 duplicate /gene - mlc_1 mlc_2
[08:54:20] Fixed 2 duplicate /gene - rapA_1 rapA_2
[08:54:20] Fixed 2 duplicate /gene - ycjY_1 ycjY_2
[08:54:20] Fixed 2 duplicate /gene - lptG_1 lptG_2
[08:54:20] Fixed 2 duplicate /gene - sorB_1 sorB_2
[08:54:20] Fixed 2 duplicate /gene - ligB_1 ligB_2
[08:54:20] Fixed 2 duplicate /gene - mtlA_1 mtlA_2
[08:54:20] Fixed 2 duplicate /gene - php_1 php_2
[08:54:20] Fixed 2 duplicate /gene - ompN_1 ompN_2
[08:54:20] Fixed 2 duplicate /gene - ldrA_1 ldrA_2
[08:54:20] Fixed 2 duplicate /gene - gspD_1 gspD_2
[08:54:20] Fixed 2 duplicate /gene - bglF_1 bglF_2
[08:54:20] Fixed 2 duplicate /gene - fdoG_1 fdoG_2
[08:54:20] Fixed 4 duplicate /gene - rhaR_1 rhaR_2 rhaR_3 rhaR_4
[08:54:20] Fixed 2 duplicate /gene - ndhI_1 ndhI_2
[08:54:20] Fixed 2 duplicate /gene - sapB_1 sapB_2
[08:54:20] Fixed 2 duplicate /gene - cscB_1 cscB_2
[08:54:20] Fixed 3 duplicate /gene - fixB_1 fixB_2 fixB_3
[08:54:20] Fixed 2 duplicate /gene - narL_1 narL_2
[08:54:20] Fixed 2 duplicate /gene - algC_1 algC_2
[08:54:20] Fixed 3 duplicate /gene - papC_1 papC_2 papC_3
[08:54:20] Fixed 2 duplicate /gene - yjgN_1 yjgN_2
[08:54:20] Fixed 2 duplicate /gene - mshA_1 mshA_2
[08:54:20] Fixed 2 duplicate /gene - fimD_1 fimD_2
[08:54:20] Fixed 2 duplicate /gene - lsrK_1 lsrK_2
[08:54:20] Fixed 2 duplicate /gene - arcC1_1 arcC1_2
[08:54:20] Fixed 3 duplicate /gene - bglH_1 bglH_2 bglH_3
[08:54:20] Fixed 2 duplicate /gene - dgcQ_1 dgcQ_2
[08:54:20] Fixed 2 duplicate /gene - rob_1 rob_2
[08:54:20] Fixed 2 duplicate /gene - cbtA_1 cbtA_2
[08:54:20] Fixed 2 duplicate /gene - rbsC_1 rbsC_2
[08:54:20] Fixed 2 duplicate /gene - fdhF_1 fdhF_2
[08:54:20] Fixed 3 duplicate /gene - potA_1 potA_2 potA_3
[08:54:20] Fixed 2 duplicate /gene - lapB_1 lapB_2
[08:54:20] Fixed 2 duplicate /gene - lgoT_1 lgoT_2
[08:54:20] Fixed 2 duplicate /gene - mltF_1 mltF_2
[08:54:20] Fixed 4 duplicate /gene - fimA_1 fimA_2 fimA_3 fimA_4
[08:54:20] Fixed 2 duplicate /gene - yahB_1 yahB_2
[08:54:20] Fixed 2 duplicate /gene - fhuE_1 fhuE_2
[08:54:20] Fixed 2 duplicate /gene - gfcB_1 gfcB_2
[08:54:20] Fixed 2 duplicate /gene - cysE_1 cysE_2
[08:54:20] Fixed 2 duplicate /gene - lon_1 lon_2
[08:54:20] Fixed 2 duplicate /gene - artM_1 artM_2
[08:54:20] Fixed 2 duplicate /gene - cirA_1 cirA_2
[08:54:20] Fixed 2 duplicate /gene - manP_1 manP_2
[08:54:20] Fixed 2 duplicate /gene - pal_1 pal_2
[08:54:20] Fixed 2 duplicate /gene - purR_1 purR_2
[08:54:20] Fixed 2 duplicate /gene - caiA_1 caiA_2
[08:54:20] Fixed 2 duplicate /gene - gadX_1 gadX_2
[08:54:20] Fixed 2 duplicate /gene - hycG_1 hycG_2
[08:54:20] Fixed 2 duplicate /gene - mepS_1 mepS_2
[08:54:20] Fixed 2 duplicate /gene - tsaR_1 tsaR_2
[08:54:20] Fixed 2 duplicate /gene - elfC_1 elfC_2
[08:54:20] Fixed 2 duplicate /gene - ydgA_1 ydgA_2
[08:54:20] Fixed 2 duplicate /gene - ssuC_1 ssuC_2
[08:54:20] Fixed 2 duplicate /gene - dmsB_1 dmsB_2
[08:54:20] Fixed 2 duplicate /gene - fumC_1 fumC_2
[08:54:20] Fixed 2 duplicate /gene - msbA_1 msbA_2
[08:54:20] Fixed 2 duplicate /gene - ulaE_1 ulaE_2
[08:54:20] Fixed 3 duplicate /gene - mngR_1 mngR_2 mngR_3
[08:54:20] Fixed 2 duplicate /gene - spaS_1 spaS_2
[08:54:20] Fixed 2 duplicate /gene - lptB_1 lptB_2
[08:54:20] Fixed 2 duplicate /gene - hchA_1 hchA_2
[08:54:20] Fixed 2 duplicate /gene - yiaW_1 yiaW_2
[08:54:20] Fixed 2 duplicate /gene - osmY_1 osmY_2
[08:54:20] Fixed 3 duplicate /gene - hdfR_1 hdfR_2 hdfR_3
[08:54:20] Fixed 2 duplicate /gene - preA_1 preA_2
[08:54:20] Fixed 5 duplicate /gene - dmlR_1 dmlR_2 dmlR_3 dmlR_4 dmlR_5
[08:54:20] Fixed 2 duplicate /gene - menC_1 menC_2
[08:54:20] Fixed 2 duplicate /gene - caiT_1 caiT_2
[08:54:20] Fixed 2 duplicate /gene - agaC_1 agaC_2
[08:54:20] Fixed 3 duplicate /gene - eutD_1 eutD_2 eutD_3
[08:54:20] Fixed 2 duplicate /gene - ydiF_1 ydiF_2
[08:54:20] Fixed 2 duplicate /gene - ftsA_1 ftsA_2
[08:54:20] Fixed 2 duplicate /gene - gstB_1 gstB_2
[08:54:20] Fixed 2 duplicate /gene - yicI_1 yicI_2
[08:54:20] Fixed 3 duplicate /gene - btuD_1 btuD_2 btuD_3
[08:54:20] Fixed 2 duplicate /gene - fimF_1 fimF_2
[08:54:20] Fixed 2 duplicate /gene - yhbX_1 yhbX_2
[08:54:20] Fixed 2 duplicate /gene - ygiW_1 ygiW_2
[08:54:20] Fixed 3 duplicate /gene - arnC_1 arnC_2 arnC_3
[08:54:20] Fixed 2 duplicate /gene - ftsH_1 ftsH_2
[08:54:20] Fixed 2 duplicate /gene - kdgK_1 kdgK_2
[08:54:20] Fixed 2 duplicate /gene - bhsA_1 bhsA_2
[08:54:20] Fixed 2 duplicate /gene - chbC_1 chbC_2
[08:54:20] Fixed 3 duplicate /gene - pncC_1 pncC_2 pncC_3
[08:54:20] Fixed 2 duplicate /gene - glxR_1 glxR_2
[08:54:20] Fixed 2 duplicate /gene - murR_1 murR_2
[08:54:20] Fixed 2 duplicate /gene - fryA_1 fryA_2
[08:54:20] Fixed 3 duplicate /gene - rhsC_1 rhsC_2 rhsC_3
[08:54:20] Fixed 3 duplicate /gene - hcaR_1 hcaR_2 hcaR_3
[08:54:20] Fixed 2 duplicate /gene - yihP_1 yihP_2
[08:54:20] Fixed 2 duplicate /gene - glpG_1 glpG_2
[08:54:20] Fixed 2 duplicate /gene - ompC_1 ompC_2
[08:54:20] Fixed 2 duplicate /gene - spaL_1 spaL_2
[08:54:20] Fixed 2 duplicate /gene - yrdA_1 yrdA_2
[08:54:20] Fixed 2 duplicate /gene - rhtC_1 rhtC_2
[08:54:20] Fixed 2 duplicate /gene - epsF_1 epsF_2
[08:54:20] Fixed 2 duplicate /gene - rarD_1 rarD_2
[08:54:20] Fixed 2 duplicate /gene - ydjZ_1 ydjZ_2
[08:54:20] Fixed 2 duplicate /gene - proA_1 proA_2
[08:54:20] Fixed 2 duplicate /gene - recD_1 recD_2
[08:54:20] Fixed 2 duplicate /gene - ttdT_1 ttdT_2
[08:54:20] Fixed 2 duplicate /gene - dnaK_1 dnaK_2
[08:54:20] Fixed 3 duplicate /gene - cynR_1 cynR_2 cynR_3
[08:54:20] Fixed 2 duplicate /gene - ompX_1 ompX_2
[08:54:20] Fixed 2 duplicate /gene - bglA_1 bglA_2
[08:54:20] Fixed 4 duplicate /gene - ldrD_1 ldrD_2 ldrD_3 ldrD_4
[08:54:20] Fixed 2 duplicate /gene - ecfA1_1 ecfA1_2
[08:54:20] Fixed 2 duplicate /gene - papD_1 papD_2
[08:54:20] Fixed 2 duplicate /gene - epsE_1 epsE_2
[08:54:20] Fixed 2 duplicate /gene - fdnG_1 fdnG_2
[08:54:20] Fixed 2 duplicate /gene - chuR_1 chuR_2
[08:54:20] Fixed 2 duplicate /gene - era_1 era_2
[08:54:20] Fixed 2 duplicate /gene - mipA_1 mipA_2
[08:54:20] Fixed 2 duplicate /gene - chbA_1 chbA_2
[08:54:20] Fixed 2 duplicate /gene - nagB_1 nagB_2
[08:54:20] Fixed 2 duplicate /gene - gltC_1 gltC_2
[08:54:20] Fixed 2 duplicate /gene - fixA_1 fixA_2
[08:54:20] Fixed 2 duplicate /gene - acrR_1 acrR_2
[08:54:20] Fixed 2 duplicate /gene - rbsK_1 rbsK_2
[08:54:20] Fixed 2 duplicate /gene - yicJ_1 yicJ_2
[08:54:20] Fixed 3 duplicate /gene - ndhB_1 ndhB_2 ndhB_3
[08:54:20] Fixed 2 duplicate /gene - fimG_1 fimG_2
[08:54:20] Fixed 2 duplicate /gene - trmH_1 trmH_2
[08:54:20] Fixed 2 duplicate /gene - fabG_1 fabG_2
[08:54:20] Fixed 2 duplicate /gene - cutC_1 cutC_2
[08:54:20] Fixed 2 duplicate /gene - cusC_1 cusC_2
[08:54:20] Fixed 2 duplicate /gene - mglA_1 mglA_2
[08:54:20] Fixed 2 duplicate /gene - yhhT_1 yhhT_2
[08:54:20] Fixed 2 duplicate /gene - deoB_1 deoB_2
[08:54:20] Fixed 2 duplicate /gene - acs_1 acs_2
[08:54:20] Fixed 2 duplicate /gene - ygdR_1 ygdR_2
[08:54:20] Fixed 2 duplicate /gene - dmsC_1 dmsC_2
[08:54:20] Fixed 221 colliding /gene names.
[08:54:20] Adding /locus_tag identifiers
[08:54:21] Assigned 4423 locus_tags to CDS and RNA features.
[08:54:21] Writing outputs to /Users/alopatki/Documents/MATLAB/sucA_test/ecoli_fastas//prokka/
[08:54:22] Generating annotation statistics file
[08:54:22] Generating Genbank and Sequin files
[08:54:22] Running: tbl2asn -V b -a r10k -l paired-ends -M n -N 1 -y 'Annotated using prokka 1.14.6 from https://github.com/tseemann/prokka' -Z \/Users\/alopatki\/Documents\/MATLAB\/sucA_test\/ecoli_fastas\/\/prokka\/prokka_CP020055\.1\.err -i \/Users\/alopatki\/Documents\/MATLAB\/sucA_test\/ecoli_fastas\/\/prokka\/prokka_CP020055\.1\.fsa 2> /dev/null
[08:54:29] Could not run command: tbl2asn -V b -a r10k -l paired-ends -M n -N 1 -y 'Annotated using prokka 1.14.6 from https://github.com/tseemann/prokka' -Z \/Users\/alopatki\/Documents\/MATLAB\/sucA_test\/ecoli_fastas\/\/prokka\/prokka_CP020055\.1\.err -i \/Users\/alopatki\/Documents\/MATLAB\/sucA_test\/ecoli_fastas\/\/prokka\/prokka_CP020055\.1\.fsa 2> /dev/null
